[2024-12-02 17:25:42,464] INFO [ControllerEventThread controllerId=0] Starting (kafka.controller.ControllerEventManager$ControllerEventThread)
[2024-12-02 17:25:42,479] INFO [Controller id=0] 0 successfully elected as the controller. Epoch incremented to 1 and epoch zk version is now 1 (kafka.controller.KafkaController)
[2024-12-02 17:25:42,480] INFO [Controller id=0] Creating FeatureZNode at path: /feature with contents: FeatureZNode(2,Enabled,Map()) (kafka.controller.KafkaController)
[2024-12-02 17:25:42,495] INFO [Controller id=0] Registering handlers (kafka.controller.KafkaController)
[2024-12-02 17:25:42,496] INFO [Controller id=0] Deleting log dir event notifications (kafka.controller.KafkaController)
[2024-12-02 17:25:42,497] INFO [Controller id=0] Deleting isr change notifications (kafka.controller.KafkaController)
[2024-12-02 17:25:42,497] INFO [Controller id=0] Initializing controller context (kafka.controller.KafkaController)
[2024-12-02 17:25:42,501] INFO [Controller id=0] Initialized broker epochs cache: Map(0 -> 25) (kafka.controller.KafkaController)
[2024-12-02 17:25:42,503] DEBUG [Controller id=0] Register BrokerModifications handler for Set(0) (kafka.controller.KafkaController)
[2024-12-02 17:25:42,505] DEBUG [Channel manager on controller 0]: Controller 0 trying to connect to broker 0 (kafka.controller.ControllerChannelManager)
[2024-12-02 17:25:42,506] INFO [RequestSendThread controllerId=0] Starting (kafka.controller.RequestSendThread)
[2024-12-02 17:25:42,506] INFO [Controller id=0] Currently active brokers in the cluster: Set(0) (kafka.controller.KafkaController)
[2024-12-02 17:25:42,506] INFO [Controller id=0] Currently shutting brokers in the cluster: Set() (kafka.controller.KafkaController)
[2024-12-02 17:25:42,506] INFO [Controller id=0] Current list of topics in the cluster: Set() (kafka.controller.KafkaController)
[2024-12-02 17:25:42,507] INFO [Controller id=0] Fetching topic deletions in progress (kafka.controller.KafkaController)
[2024-12-02 17:25:42,507] INFO [Controller id=0] List of topics to be deleted:  (kafka.controller.KafkaController)
[2024-12-02 17:25:42,507] INFO [Controller id=0] List of topics ineligible for deletion:  (kafka.controller.KafkaController)
[2024-12-02 17:25:42,507] INFO [Controller id=0] Initializing topic deletion manager (kafka.controller.KafkaController)
[2024-12-02 17:25:42,508] INFO [Topic Deletion Manager 0] Initializing manager with initial deletions: Set(), initial ineligible deletions: Set() (kafka.controller.TopicDeletionManager)
[2024-12-02 17:25:42,508] INFO [Controller id=0] Sending update metadata request (kafka.controller.KafkaController)
[2024-12-02 17:25:42,511] INFO [ReplicaStateMachine controllerId=0] Initializing replica state (kafka.controller.ZkReplicaStateMachine)
[2024-12-02 17:25:42,511] INFO [ReplicaStateMachine controllerId=0] Triggering online replica state changes (kafka.controller.ZkReplicaStateMachine)
[2024-12-02 17:25:42,512] INFO [ReplicaStateMachine controllerId=0] Triggering offline replica state changes (kafka.controller.ZkReplicaStateMachine)
[2024-12-02 17:25:42,512] DEBUG [ReplicaStateMachine controllerId=0] Started replica state machine with initial state -> Map() (kafka.controller.ZkReplicaStateMachine)
[2024-12-02 17:25:42,512] INFO [PartitionStateMachine controllerId=0] Initializing partition state (kafka.controller.ZkPartitionStateMachine)
[2024-12-02 17:25:42,513] INFO [PartitionStateMachine controllerId=0] Triggering online partition state changes (kafka.controller.ZkPartitionStateMachine)
[2024-12-02 17:25:42,513] DEBUG [PartitionStateMachine controllerId=0] Started partition state machine with initial state -> Map() (kafka.controller.ZkPartitionStateMachine)
[2024-12-02 17:25:42,513] INFO [Controller id=0] Ready to serve as the new controller with epoch 1 (kafka.controller.KafkaController)
[2024-12-02 17:25:42,515] WARN [RequestSendThread controllerId=0] Controller 0's connection to broker localhost:9092 (id: 0 rack: null) was unsuccessful (kafka.controller.RequestSendThread)
java.io.IOException: Connection to localhost:9092 (id: 0 rack: null) failed.
	at org.apache.kafka.clients.NetworkClientUtils.awaitReady(NetworkClientUtils.java:71)
	at kafka.controller.RequestSendThread.brokerReady(ControllerChannelManager.scala:299)
	at kafka.controller.RequestSendThread.doWork(ControllerChannelManager.scala:252)
	at org.apache.kafka.server.util.ShutdownableThread.run(ShutdownableThread.java:136)
[2024-12-02 17:25:42,516] INFO [Controller id=0] Partitions undergoing preferred replica election:  (kafka.controller.KafkaController)
[2024-12-02 17:25:42,516] INFO [Controller id=0] Partitions that completed preferred replica election:  (kafka.controller.KafkaController)
[2024-12-02 17:25:42,516] INFO [Controller id=0] Skipping preferred replica election for partitions due to topic deletion:  (kafka.controller.KafkaController)
[2024-12-02 17:25:42,516] INFO [Controller id=0] Resuming preferred replica election for partitions:  (kafka.controller.KafkaController)
[2024-12-02 17:25:42,516] INFO [Controller id=0] Starting replica leader election (PREFERRED) for partitions  triggered by ZkTriggered (kafka.controller.KafkaController)
[2024-12-02 17:25:42,523] INFO [Controller id=0] Starting the controller scheduler (kafka.controller.KafkaController)
[2024-12-02 17:25:42,622] INFO [RequestSendThread controllerId=0] Controller 0 connected to localhost:9092 (id: 0 rack: null) for sending state change requests (kafka.controller.RequestSendThread)
[2024-12-02 17:25:47,526] INFO [Controller id=0] Processing automatic preferred replica leader election (kafka.controller.KafkaController)
[2024-12-02 17:25:47,527] TRACE [Controller id=0] Checking need to trigger auto leader balancing (kafka.controller.KafkaController)
[2024-12-02 17:25:50,298] INFO [Controller id=0] Newly added brokers: 1, deleted brokers: , bounced brokers: , all live brokers: 0,1 (kafka.controller.KafkaController)
[2024-12-02 17:25:50,299] DEBUG [Channel manager on controller 0]: Controller 0 trying to connect to broker 1 (kafka.controller.ControllerChannelManager)
[2024-12-02 17:25:50,299] INFO [RequestSendThread controllerId=0] Starting (kafka.controller.RequestSendThread)
[2024-12-02 17:25:50,300] INFO [Controller id=0] New broker startup callback for 1 (kafka.controller.KafkaController)
[2024-12-02 17:25:50,301] WARN [RequestSendThread controllerId=0] Controller 0's connection to broker localhost:9093 (id: 1 rack: null) was unsuccessful (kafka.controller.RequestSendThread)
java.io.IOException: Connection to localhost:9093 (id: 1 rack: null) failed.
	at org.apache.kafka.clients.NetworkClientUtils.awaitReady(NetworkClientUtils.java:71)
	at kafka.controller.RequestSendThread.brokerReady(ControllerChannelManager.scala:299)
	at kafka.controller.RequestSendThread.doWork(ControllerChannelManager.scala:252)
	at org.apache.kafka.server.util.ShutdownableThread.run(ShutdownableThread.java:136)
[2024-12-02 17:25:50,301] DEBUG [Controller id=0] Register BrokerModifications handler for Vector(1) (kafka.controller.KafkaController)
[2024-12-02 17:25:50,302] INFO [Controller id=0] Updated broker epochs cache: Map(1 -> 45, 0 -> 25) (kafka.controller.KafkaController)
[2024-12-02 17:25:50,309] INFO [ControllerEventThread controllerId=1] Starting (kafka.controller.ControllerEventManager$ControllerEventThread)
[2024-12-02 17:25:50,313] DEBUG [Controller id=1] Broker 0 has been elected as the controller, so stopping the election process. (kafka.controller.KafkaController)
[2024-12-02 17:25:50,406] INFO [RequestSendThread controllerId=0] Controller 0 connected to localhost:9093 (id: 1 rack: null) for sending state change requests (kafka.controller.RequestSendThread)
[2024-12-02 17:25:57,711] INFO [Controller id=0] Newly added brokers: 2, deleted brokers: , bounced brokers: , all live brokers: 0,1,2 (kafka.controller.KafkaController)
[2024-12-02 17:25:57,711] DEBUG [Channel manager on controller 0]: Controller 0 trying to connect to broker 2 (kafka.controller.ControllerChannelManager)
[2024-12-02 17:25:57,712] INFO [RequestSendThread controllerId=0] Starting (kafka.controller.RequestSendThread)
[2024-12-02 17:25:57,712] INFO [Controller id=0] New broker startup callback for 2 (kafka.controller.KafkaController)
[2024-12-02 17:25:57,713] DEBUG [Controller id=0] Register BrokerModifications handler for Vector(2) (kafka.controller.KafkaController)
[2024-12-02 17:25:57,713] WARN [RequestSendThread controllerId=0] Controller 0's connection to broker localhost:9094 (id: 2 rack: null) was unsuccessful (kafka.controller.RequestSendThread)
java.io.IOException: Connection to localhost:9094 (id: 2 rack: null) failed.
	at org.apache.kafka.clients.NetworkClientUtils.awaitReady(NetworkClientUtils.java:71)
	at kafka.controller.RequestSendThread.brokerReady(ControllerChannelManager.scala:299)
	at kafka.controller.RequestSendThread.doWork(ControllerChannelManager.scala:252)
	at org.apache.kafka.server.util.ShutdownableThread.run(ShutdownableThread.java:136)
[2024-12-02 17:25:57,713] INFO [Controller id=0] Updated broker epochs cache: Map(2 -> 61, 1 -> 45, 0 -> 25) (kafka.controller.KafkaController)
[2024-12-02 17:25:57,723] INFO [ControllerEventThread controllerId=2] Starting (kafka.controller.ControllerEventManager$ControllerEventThread)
[2024-12-02 17:25:57,727] DEBUG [Controller id=2] Broker 0 has been elected as the controller, so stopping the election process. (kafka.controller.KafkaController)
[2024-12-02 17:25:57,818] INFO [RequestSendThread controllerId=0] Controller 0 connected to localhost:9094 (id: 2 rack: null) for sending state change requests (kafka.controller.RequestSendThread)
[2024-12-02 17:29:29,069] INFO [Controller id=0] New topics: [Set(months)], deleted topics: [Set()], new partition replica assignment [Set(TopicIdReplicaAssignment(months,Some(vayWF8HmSSSV_drRpFs0VQ),Map(months-4 -> ReplicaAssignment(replicas=1,0,2, addingReplicas=, removingReplicas=), months-0 -> ReplicaAssignment(replicas=2,0,1, addingReplicas=, removingReplicas=), months-5 -> ReplicaAssignment(replicas=0,2,1, addingReplicas=, removingReplicas=), months-1 -> ReplicaAssignment(replicas=1,2,0, addingReplicas=, removingReplicas=), months-6 -> ReplicaAssignment(replicas=2,0,1, addingReplicas=, removingReplicas=), months-2 -> ReplicaAssignment(replicas=0,1,2, addingReplicas=, removingReplicas=), months-3 -> ReplicaAssignment(replicas=2,1,0, addingReplicas=, removingReplicas=))))] (kafka.controller.KafkaController)
[2024-12-02 17:29:29,070] INFO [Controller id=0] New partition creation callback for months-4,months-0,months-5,months-1,months-6,months-2,months-3 (kafka.controller.KafkaController)
[2024-12-02 17:30:47,533] INFO [Controller id=0] Processing automatic preferred replica leader election (kafka.controller.KafkaController)
[2024-12-02 17:30:47,534] TRACE [Controller id=0] Checking need to trigger auto leader balancing (kafka.controller.KafkaController)
[2024-12-02 17:30:47,537] DEBUG [Controller id=0] Topics not in preferred replica for broker 1 Map() (kafka.controller.KafkaController)
[2024-12-02 17:30:47,539] TRACE [Controller id=0] Leader imbalance ratio for broker 1 is 0.0 (kafka.controller.KafkaController)
[2024-12-02 17:30:47,539] DEBUG [Controller id=0] Topics not in preferred replica for broker 2 Map() (kafka.controller.KafkaController)
[2024-12-02 17:30:47,539] TRACE [Controller id=0] Leader imbalance ratio for broker 2 is 0.0 (kafka.controller.KafkaController)
[2024-12-02 17:30:47,539] DEBUG [Controller id=0] Topics not in preferred replica for broker 0 Map() (kafka.controller.KafkaController)
[2024-12-02 17:30:47,539] TRACE [Controller id=0] Leader imbalance ratio for broker 0 is 0.0 (kafka.controller.KafkaController)
[2024-12-02 17:35:47,544] INFO [Controller id=0] Processing automatic preferred replica leader election (kafka.controller.KafkaController)
[2024-12-02 17:35:47,544] TRACE [Controller id=0] Checking need to trigger auto leader balancing (kafka.controller.KafkaController)
[2024-12-02 17:35:47,546] DEBUG [Controller id=0] Topics not in preferred replica for broker 1 Map() (kafka.controller.KafkaController)
[2024-12-02 17:35:47,546] TRACE [Controller id=0] Leader imbalance ratio for broker 1 is 0.0 (kafka.controller.KafkaController)
[2024-12-02 17:35:47,546] DEBUG [Controller id=0] Topics not in preferred replica for broker 2 Map() (kafka.controller.KafkaController)
[2024-12-02 17:35:47,546] TRACE [Controller id=0] Leader imbalance ratio for broker 2 is 0.0 (kafka.controller.KafkaController)
[2024-12-02 17:35:47,546] DEBUG [Controller id=0] Topics not in preferred replica for broker 0 Map() (kafka.controller.KafkaController)
[2024-12-02 17:35:47,546] TRACE [Controller id=0] Leader imbalance ratio for broker 0 is 0.0 (kafka.controller.KafkaController)
[2024-12-02 17:37:29,198] INFO [Controller id=0] New topics: [Set(__consumer_offsets)], deleted topics: [Set()], new partition replica assignment [Set(TopicIdReplicaAssignment(__consumer_offsets,Some(C30ZBv6NR4uBD1gt83iEuw),Map(__consumer_offsets-22 -> ReplicaAssignment(replicas=0, addingReplicas=, removingReplicas=), __consumer_offsets-30 -> ReplicaAssignment(replicas=1, addingReplicas=, removingReplicas=), __consumer_offsets-8 -> ReplicaAssignment(replicas=2, addingReplicas=, removingReplicas=), __consumer_offsets-21 -> ReplicaAssignment(replicas=1, addingReplicas=, removingReplicas=), __consumer_offsets-4 -> ReplicaAssignment(replicas=0, addingReplicas=, removingReplicas=), __consumer_offsets-27 -> ReplicaAssignment(replicas=1, addingReplicas=, removingReplicas=), __consumer_offsets-7 -> ReplicaAssignment(replicas=0, addingReplicas=, removingReplicas=), __consumer_offsets-9 -> ReplicaAssignment(replicas=1, addingReplicas=, removingReplicas=), __consumer_offsets-46 -> ReplicaAssignment(replicas=0, addingReplicas=, removingReplicas=), __consumer_offsets-25 -> ReplicaAssignment(replicas=0, addingReplicas=, removingReplicas=), __consumer_offsets-35 -> ReplicaAssignment(replicas=2, addingReplicas=, removingReplicas=), __consumer_offsets-41 -> ReplicaAssignment(replicas=2, addingReplicas=, removingReplicas=), __consumer_offsets-33 -> ReplicaAssignment(replicas=1, addingReplicas=, removingReplicas=), __consumer_offsets-23 -> ReplicaAssignment(replicas=2, addingReplicas=, removingReplicas=), __consumer_offsets-49 -> ReplicaAssignment(replicas=0, addingReplicas=, removingReplicas=), __consumer_offsets-47 -> ReplicaAssignment(replicas=2, addingReplicas=, removingReplicas=), __consumer_offsets-16 -> ReplicaAssignment(replicas=0, addingReplicas=, removingReplicas=), __consumer_offsets-28 -> ReplicaAssignment(replicas=0, addingReplicas=, removingReplicas=), __consumer_offsets-31 -> ReplicaAssignment(replicas=0, addingReplicas=, removingReplicas=), __consumer_offsets-36 -> ReplicaAssignment(replicas=1, addingReplicas=, removingReplicas=), __consumer_offsets-42 -> ReplicaAssignment(replicas=1, addingReplicas=, removingReplicas=), __consumer_offsets-3 -> ReplicaAssignment(replicas=1, addingReplicas=, removingReplicas=), __consumer_offsets-18 -> ReplicaAssignment(replicas=1, addingReplicas=, removingReplicas=), __consumer_offsets-37 -> ReplicaAssignment(replicas=0, addingReplicas=, removingReplicas=), __consumer_offsets-15 -> ReplicaAssignment(replicas=1, addingReplicas=, removingReplicas=), __consumer_offsets-24 -> ReplicaAssignment(replicas=1, addingReplicas=, removingReplicas=), __consumer_offsets-38 -> ReplicaAssignment(replicas=2, addingReplicas=, removingReplicas=), __consumer_offsets-17 -> ReplicaAssignment(replicas=2, addingReplicas=, removingReplicas=), __consumer_offsets-48 -> ReplicaAssignment(replicas=1, addingReplicas=, removingReplicas=), __consumer_offsets-19 -> ReplicaAssignment(replicas=0, addingReplicas=, removingReplicas=), __consumer_offsets-11 -> ReplicaAssignment(replicas=2, addingReplicas=, removingReplicas=), __consumer_offsets-13 -> ReplicaAssignment(replicas=0, addingReplicas=, removingReplicas=), __consumer_offsets-2 -> ReplicaAssignment(replicas=2, addingReplicas=, removingReplicas=), __consumer_offsets-43 -> ReplicaAssignment(replicas=0, addingReplicas=, removingReplicas=), __consumer_offsets-6 -> ReplicaAssignment(replicas=1, addingReplicas=, removingReplicas=), __consumer_offsets-14 -> ReplicaAssignment(replicas=2, addingReplicas=, removingReplicas=), __consumer_offsets-20 -> ReplicaAssignment(replicas=2, addingReplicas=, removingReplicas=), __consumer_offsets-0 -> ReplicaAssignment(replicas=1, addingReplicas=, removingReplicas=), __consumer_offsets-44 -> ReplicaAssignment(replicas=2, addingReplicas=, removingReplicas=), __consumer_offsets-39 -> ReplicaAssignment(replicas=1, addingReplicas=, removingReplicas=), __consumer_offsets-12 -> ReplicaAssignment(replicas=1, addingReplicas=, removingReplicas=), __consumer_offsets-45 -> ReplicaAssignment(replicas=1, addingReplicas=, removingReplicas=), __consumer_offsets-1 -> ReplicaAssignment(replicas=0, addingReplicas=, removingReplicas=), __consumer_offsets-5 -> ReplicaAssignment(replicas=2, addingReplicas=, removingReplicas=), __consumer_offsets-26 -> ReplicaAssignment(replicas=2, addingReplicas=, removingReplicas=), __consumer_offsets-29 -> ReplicaAssignment(replicas=2, addingReplicas=, removingReplicas=), __consumer_offsets-34 -> ReplicaAssignment(replicas=0, addingReplicas=, removingReplicas=), __consumer_offsets-10 -> ReplicaAssignment(replicas=0, addingReplicas=, removingReplicas=), __consumer_offsets-32 -> ReplicaAssignment(replicas=2, addingReplicas=, removingReplicas=), __consumer_offsets-40 -> ReplicaAssignment(replicas=0, addingReplicas=, removingReplicas=))))] (kafka.controller.KafkaController)
[2024-12-02 17:37:29,198] INFO [Controller id=0] New partition creation callback for __consumer_offsets-22,__consumer_offsets-30,__consumer_offsets-8,__consumer_offsets-21,__consumer_offsets-4,__consumer_offsets-27,__consumer_offsets-7,__consumer_offsets-9,__consumer_offsets-46,__consumer_offsets-25,__consumer_offsets-35,__consumer_offsets-41,__consumer_offsets-33,__consumer_offsets-23,__consumer_offsets-49,__consumer_offsets-47,__consumer_offsets-16,__consumer_offsets-28,__consumer_offsets-31,__consumer_offsets-36,__consumer_offsets-42,__consumer_offsets-3,__consumer_offsets-18,__consumer_offsets-37,__consumer_offsets-15,__consumer_offsets-24,__consumer_offsets-38,__consumer_offsets-17,__consumer_offsets-48,__consumer_offsets-19,__consumer_offsets-11,__consumer_offsets-13,__consumer_offsets-2,__consumer_offsets-43,__consumer_offsets-6,__consumer_offsets-14,__consumer_offsets-20,__consumer_offsets-0,__consumer_offsets-44,__consumer_offsets-39,__consumer_offsets-12,__consumer_offsets-45,__consumer_offsets-1,__consumer_offsets-5,__consumer_offsets-26,__consumer_offsets-29,__consumer_offsets-34,__consumer_offsets-10,__consumer_offsets-32,__consumer_offsets-40 (kafka.controller.KafkaController)
[2024-12-02 17:38:00,751] DEBUG [Controller id=0] There is no producerId block yet (Zk path version 0), creating the first block (kafka.controller.KafkaController)
[2024-12-02 17:38:00,757] INFO [Controller id=0] Acquired new producerId block ProducerIdsBlock(assignedBrokerId=1, firstProducerId=0, size=1000) by writing to Zk with path version 1 (kafka.controller.KafkaController)
[2024-12-02 17:38:00,862] DEBUG [Controller id=0] Read current producerId block ProducerIdsBlock(assignedBrokerId=1, firstProducerId=0, size=1000), Zk path version 1 (kafka.controller.KafkaController)
[2024-12-02 17:38:00,867] INFO [Controller id=0] Acquired new producerId block ProducerIdsBlock(assignedBrokerId=0, firstProducerId=1000, size=1000) by writing to Zk with path version 2 (kafka.controller.KafkaController)
[2024-12-02 17:40:47,546] INFO [Controller id=0] Processing automatic preferred replica leader election (kafka.controller.KafkaController)
[2024-12-02 17:40:47,546] TRACE [Controller id=0] Checking need to trigger auto leader balancing (kafka.controller.KafkaController)
[2024-12-02 17:40:47,547] DEBUG [Controller id=0] Topics not in preferred replica for broker 0 Map() (kafka.controller.KafkaController)
[2024-12-02 17:40:47,547] TRACE [Controller id=0] Leader imbalance ratio for broker 0 is 0.0 (kafka.controller.KafkaController)
[2024-12-02 17:40:47,547] DEBUG [Controller id=0] Topics not in preferred replica for broker 1 Map() (kafka.controller.KafkaController)
[2024-12-02 17:40:47,547] TRACE [Controller id=0] Leader imbalance ratio for broker 1 is 0.0 (kafka.controller.KafkaController)
[2024-12-02 17:40:47,547] DEBUG [Controller id=0] Topics not in preferred replica for broker 2 Map() (kafka.controller.KafkaController)
[2024-12-02 17:40:47,548] TRACE [Controller id=0] Leader imbalance ratio for broker 2 is 0.0 (kafka.controller.KafkaController)
