[2024-11-28T10:23:55.323-0800][gc] Using G1
[2024-11-28T10:23:55.324-0800][gc,init] Version: 17.0.11+7-LTS-207 (release)
[2024-11-28T10:23:55.324-0800][gc,init] CPUs: 12 total, 12 available
[2024-11-28T10:23:55.324-0800][gc,init] Memory: 24576M
[2024-11-28T10:23:55.324-0800][gc,init] Large Page Support: Disabled
[2024-11-28T10:23:55.324-0800][gc,init] NUMA Support: Disabled
[2024-11-28T10:23:55.324-0800][gc,init] Compressed Oops: Enabled (Zero based)
[2024-11-28T10:23:55.324-0800][gc,init] Heap Region Size: 1M
[2024-11-28T10:23:55.324-0800][gc,init] Heap Min Capacity: 1G
[2024-11-28T10:23:55.324-0800][gc,init] Heap Initial Capacity: 1G
[2024-11-28T10:23:55.324-0800][gc,init] Heap Max Capacity: 1G
[2024-11-28T10:23:55.324-0800][gc,init] Pre-touch: Disabled
[2024-11-28T10:23:55.324-0800][gc,init] Parallel Workers: 10
[2024-11-28T10:23:55.324-0800][gc,init] Concurrent Workers: 3
[2024-11-28T10:23:55.324-0800][gc,init] Concurrent Refinement Workers: 10
[2024-11-28T10:23:55.324-0800][gc,init] Periodic GC: Disabled
[2024-11-28T10:23:55.326-0800][gc,metaspace] CDS archive(s) mapped at: [0x0000000300000000-0x0000000300be0000-0x0000000300be0000), size 12451840, SharedBaseAddress: 0x0000000300000000, ArchiveRelocationMode: 1.
[2024-11-28T10:23:55.326-0800][gc,metaspace] Compressed class space mapped at: 0x0000000301000000-0x0000000341000000, reserved size: 1073741824
[2024-11-28T10:23:55.326-0800][gc,metaspace] Narrow klass base: 0x0000000300000000, Narrow klass shift: 0, Narrow klass range: 0x100000000
[2024-11-28T10:23:55.766-0800][gc,start    ] GC(0) Pause Young (Normal) (G1 Evacuation Pause)
[2024-11-28T10:23:55.766-0800][gc,task     ] GC(0) Using 10 workers of 10 for evacuation
[2024-11-28T10:23:55.769-0800][gc,phases   ] GC(0)   Pre Evacuate Collection Set: 0.4ms
[2024-11-28T10:23:55.769-0800][gc,phases   ] GC(0)   Merge Heap Roots: 0.0ms
[2024-11-28T10:23:55.769-0800][gc,phases   ] GC(0)   Evacuate Collection Set: 2.0ms
[2024-11-28T10:23:55.769-0800][gc,phases   ] GC(0)   Post Evacuate Collection Set: 0.2ms
[2024-11-28T10:23:55.769-0800][gc,phases   ] GC(0)   Other: 0.2ms
[2024-11-28T10:23:55.769-0800][gc,heap     ] GC(0) Eden regions: 51->0(44)
[2024-11-28T10:23:55.769-0800][gc,heap     ] GC(0) Survivor regions: 0->7(7)
[2024-11-28T10:23:55.769-0800][gc,heap     ] GC(0) Old regions: 0->2
[2024-11-28T10:23:55.769-0800][gc,heap     ] GC(0) Archive regions: 2->2
[2024-11-28T10:23:55.769-0800][gc,heap     ] GC(0) Humongous regions: 0->0
[2024-11-28T10:23:55.769-0800][gc,metaspace] GC(0) Metaspace: 17926K(18048K)->17926K(18048K) NonClass: 15562K(15616K)->15562K(15616K) Class: 2364K(2432K)->2364K(2432K)
[2024-11-28T10:23:55.769-0800][gc          ] GC(0) Pause Young (Normal) (G1 Evacuation Pause) 51M->9M(1024M) 2.871ms
[2024-11-28T10:23:55.769-0800][gc,cpu      ] GC(0) User=0.01s Sys=0.01s Real=0.00s
[2024-11-28T10:23:55.872-0800][gc,start    ] GC(1) Pause Young (Concurrent Start) (Metadata GC Threshold)
[2024-11-28T10:23:55.872-0800][gc,task     ] GC(1) Using 10 workers of 10 for evacuation
[2024-11-28T10:23:55.874-0800][gc,phases   ] GC(1)   Pre Evacuate Collection Set: 0.1ms
[2024-11-28T10:23:55.874-0800][gc,phases   ] GC(1)   Merge Heap Roots: 0.2ms
[2024-11-28T10:23:55.874-0800][gc,phases   ] GC(1)   Evacuate Collection Set: 1.5ms
[2024-11-28T10:23:55.874-0800][gc,phases   ] GC(1)   Post Evacuate Collection Set: 0.1ms
[2024-11-28T10:23:55.874-0800][gc,phases   ] GC(1)   Other: 0.1ms
[2024-11-28T10:23:55.874-0800][gc,heap     ] GC(1) Eden regions: 14->0(49)
[2024-11-28T10:23:55.874-0800][gc,heap     ] GC(1) Survivor regions: 7->2(7)
[2024-11-28T10:23:55.874-0800][gc,heap     ] GC(1) Old regions: 2->8
[2024-11-28T10:23:55.874-0800][gc,heap     ] GC(1) Archive regions: 2->2
[2024-11-28T10:23:55.874-0800][gc,heap     ] GC(1) Humongous regions: 129->129
[2024-11-28T10:23:55.874-0800][gc,metaspace] GC(1) Metaspace: 21272K(21504K)->21272K(21504K) NonClass: 18399K(18496K)->18399K(18496K) Class: 2872K(3008K)->2872K(3008K)
[2024-11-28T10:23:55.874-0800][gc          ] GC(1) Pause Young (Concurrent Start) (Metadata GC Threshold) 151M->139M(1024M) 2.014ms
[2024-11-28T10:23:55.874-0800][gc,cpu      ] GC(1) User=0.01s Sys=0.00s Real=0.00s
[2024-11-28T10:23:55.874-0800][gc          ] GC(2) Concurrent Mark Cycle
[2024-11-28T10:23:55.874-0800][gc,marking  ] GC(2) Concurrent Clear Claimed Marks
[2024-11-28T10:23:55.874-0800][gc,marking  ] GC(2) Concurrent Clear Claimed Marks 0.006ms
[2024-11-28T10:23:55.874-0800][gc,marking  ] GC(2) Concurrent Scan Root Regions
[2024-11-28T10:23:55.874-0800][gc,marking  ] GC(2) Concurrent Scan Root Regions 0.578ms
[2024-11-28T10:23:55.874-0800][gc,marking  ] GC(2) Concurrent Mark
[2024-11-28T10:23:55.874-0800][gc,marking  ] GC(2) Concurrent Mark From Roots
[2024-11-28T10:23:55.874-0800][gc,task     ] GC(2) Using 3 workers of 3 for marking
[2024-11-28T10:23:55.875-0800][gc,marking  ] GC(2) Concurrent Mark From Roots 0.740ms
[2024-11-28T10:23:55.875-0800][gc,marking  ] GC(2) Concurrent Preclean
[2024-11-28T10:23:55.875-0800][gc,marking  ] GC(2) Concurrent Preclean 0.011ms
[2024-11-28T10:23:55.875-0800][gc,start    ] GC(2) Pause Remark
[2024-11-28T10:23:55.876-0800][gc          ] GC(2) Pause Remark 140M->140M(1024M) 0.680ms
[2024-11-28T10:23:55.876-0800][gc,cpu      ] GC(2) User=0.00s Sys=0.01s Real=0.00s
[2024-11-28T10:23:55.876-0800][gc,marking  ] GC(2) Concurrent Mark 1.517ms
[2024-11-28T10:23:55.876-0800][gc,marking  ] GC(2) Concurrent Rebuild Remembered Sets
[2024-11-28T10:23:55.876-0800][gc,marking  ] GC(2) Concurrent Rebuild Remembered Sets 0.004ms
[2024-11-28T10:23:55.876-0800][gc,start    ] GC(2) Pause Cleanup
[2024-11-28T10:23:55.876-0800][gc          ] GC(2) Pause Cleanup 140M->140M(1024M) 0.005ms
[2024-11-28T10:23:55.876-0800][gc,cpu      ] GC(2) User=0.00s Sys=0.00s Real=0.00s
[2024-11-28T10:23:55.876-0800][gc,marking  ] GC(2) Concurrent Cleanup for Next Mark
[2024-11-28T10:23:55.877-0800][gc,marking  ] GC(2) Concurrent Cleanup for Next Mark 0.898ms
[2024-11-28T10:23:55.877-0800][gc          ] GC(2) Concurrent Mark Cycle 3.107ms
[2024-11-28T10:23:56.081-0800][gc,start    ] GC(3) Pause Young (Normal) (G1 Evacuation Pause)
[2024-11-28T10:23:56.081-0800][gc,task     ] GC(3) Using 10 workers of 10 for evacuation
[2024-11-28T10:23:56.083-0800][gc,phases   ] GC(3)   Pre Evacuate Collection Set: 0.1ms
[2024-11-28T10:23:56.083-0800][gc,phases   ] GC(3)   Merge Heap Roots: 0.0ms
[2024-11-28T10:23:56.083-0800][gc,phases   ] GC(3)   Evacuate Collection Set: 0.9ms
[2024-11-28T10:23:56.083-0800][gc,phases   ] GC(3)   Post Evacuate Collection Set: 0.1ms
[2024-11-28T10:23:56.083-0800][gc,phases   ] GC(3)   Other: 0.1ms
[2024-11-28T10:23:56.083-0800][gc,heap     ] GC(3) Eden regions: 49->0(45)
[2024-11-28T10:23:56.083-0800][gc,heap     ] GC(3) Survivor regions: 2->6(7)
[2024-11-28T10:23:56.083-0800][gc,heap     ] GC(3) Old regions: 8->8
[2024-11-28T10:23:56.083-0800][gc,heap     ] GC(3) Archive regions: 2->2
[2024-11-28T10:23:56.083-0800][gc,heap     ] GC(3) Humongous regions: 129->129
[2024-11-28T10:23:56.083-0800][gc,metaspace] GC(3) Metaspace: 32832K(33088K)->32832K(33088K) NonClass: 28900K(29056K)->28900K(29056K) Class: 3932K(4032K)->3932K(4032K)
[2024-11-28T10:23:56.083-0800][gc          ] GC(3) Pause Young (Normal) (G1 Evacuation Pause) 188M->143M(1024M) 1.317ms
[2024-11-28T10:23:56.083-0800][gc,cpu      ] GC(3) User=0.01s Sys=0.00s Real=0.00s
[2024-11-28T10:23:56.222-0800][gc,start    ] GC(4) Pause Young (Concurrent Start) (Metadata GC Threshold)
[2024-11-28T10:23:56.222-0800][gc,task     ] GC(4) Using 10 workers of 10 for evacuation
[2024-11-28T10:23:56.224-0800][gc,phases   ] GC(4)   Pre Evacuate Collection Set: 0.1ms
[2024-11-28T10:23:56.224-0800][gc,phases   ] GC(4)   Merge Heap Roots: 0.0ms
[2024-11-28T10:23:56.224-0800][gc,phases   ] GC(4)   Evacuate Collection Set: 1.3ms
[2024-11-28T10:23:56.224-0800][gc,phases   ] GC(4)   Post Evacuate Collection Set: 0.2ms
[2024-11-28T10:23:56.224-0800][gc,phases   ] GC(4)   Other: 0.1ms
[2024-11-28T10:23:56.224-0800][gc,heap     ] GC(4) Eden regions: 13->0(49)
[2024-11-28T10:23:56.224-0800][gc,heap     ] GC(4) Survivor regions: 6->2(7)
[2024-11-28T10:23:56.224-0800][gc,heap     ] GC(4) Old regions: 8->15
[2024-11-28T10:23:56.224-0800][gc,heap     ] GC(4) Archive regions: 2->2
[2024-11-28T10:23:56.224-0800][gc,heap     ] GC(4) Humongous regions: 129->129
[2024-11-28T10:23:56.224-0800][gc,metaspace] GC(4) Metaspace: 35876K(36096K)->35876K(36096K) NonClass: 31519K(31616K)->31519K(31616K) Class: 4357K(4480K)->4357K(4480K)
[2024-11-28T10:23:56.224-0800][gc          ] GC(4) Pause Young (Concurrent Start) (Metadata GC Threshold) 156M->145M(1024M) 1.720ms
[2024-11-28T10:23:56.224-0800][gc,cpu      ] GC(4) User=0.01s Sys=0.00s Real=0.00s
[2024-11-28T10:23:56.224-0800][gc          ] GC(5) Concurrent Mark Cycle
[2024-11-28T10:23:56.224-0800][gc,marking  ] GC(5) Concurrent Clear Claimed Marks
[2024-11-28T10:23:56.224-0800][gc,marking  ] GC(5) Concurrent Clear Claimed Marks 0.009ms
[2024-11-28T10:23:56.224-0800][gc,marking  ] GC(5) Concurrent Scan Root Regions
[2024-11-28T10:23:56.225-0800][gc,marking  ] GC(5) Concurrent Scan Root Regions 0.910ms
[2024-11-28T10:23:56.225-0800][gc,marking  ] GC(5) Concurrent Mark
[2024-11-28T10:23:56.225-0800][gc,marking  ] GC(5) Concurrent Mark From Roots
[2024-11-28T10:23:56.225-0800][gc,task     ] GC(5) Using 3 workers of 3 for marking
[2024-11-28T10:23:56.227-0800][gc,marking  ] GC(5) Concurrent Mark From Roots 1.810ms
[2024-11-28T10:23:56.227-0800][gc,marking  ] GC(5) Concurrent Preclean
[2024-11-28T10:23:56.227-0800][gc,marking  ] GC(5) Concurrent Preclean 0.036ms
[2024-11-28T10:23:56.227-0800][gc,start    ] GC(5) Pause Remark
[2024-11-28T10:23:56.227-0800][gc          ] GC(5) Pause Remark 145M->145M(1024M) 0.517ms
[2024-11-28T10:23:56.227-0800][gc,cpu      ] GC(5) User=0.00s Sys=0.00s Real=0.00s
[2024-11-28T10:23:56.227-0800][gc,marking  ] GC(5) Concurrent Mark 2.506ms
[2024-11-28T10:23:56.227-0800][gc,marking  ] GC(5) Concurrent Rebuild Remembered Sets
[2024-11-28T10:23:56.229-0800][gc,marking  ] GC(5) Concurrent Rebuild Remembered Sets 1.544ms
[2024-11-28T10:23:56.229-0800][gc,start    ] GC(5) Pause Cleanup
[2024-11-28T10:23:56.229-0800][gc          ] GC(5) Pause Cleanup 145M->145M(1024M) 0.091ms
[2024-11-28T10:23:56.229-0800][gc,cpu      ] GC(5) User=0.00s Sys=0.00s Real=0.00s
[2024-11-28T10:23:56.229-0800][gc,marking  ] GC(5) Concurrent Cleanup for Next Mark
[2024-11-28T10:23:56.230-0800][gc,marking  ] GC(5) Concurrent Cleanup for Next Mark 1.047ms
[2024-11-28T10:23:56.230-0800][gc          ] GC(5) Concurrent Mark Cycle 6.256ms
