[2024-12-02 18:00:02,390] WARN Session 0x10000128c950002 for server localhost/[0:0:0:0:0:0:0:1]:2181, Closing socket connection. Attempting reconnect except it is a SessionExpiredException. (org.apache.zookeeper.ClientCnxn)
EndOfStreamException: Unable to read additional data from server sessionid 0x10000128c950002, likely server has closed socket
	at org.apache.zookeeper.ClientCnxnSocketNIO.doIO(ClientCnxnSocketNIO.java:77)
	at org.apache.zookeeper.ClientCnxnSocketNIO.doTransport(ClientCnxnSocketNIO.java:350)
	at org.apache.zookeeper.ClientCnxn$SendThread.run(ClientCnxn.java:1289)
[2024-12-02 18:00:04,468] INFO Opening socket connection to server localhost/[0:0:0:0:0:0:0:1]:2181. (org.apache.zookeeper.ClientCnxn)
[2024-12-02 18:00:04,469] WARN Session 0x10000128c950002 for server localhost/[0:0:0:0:0:0:0:1]:2181, Closing socket connection. Attempting reconnect except it is a SessionExpiredException. (org.apache.zookeeper.ClientCnxn)
java.net.ConnectException: Connection refused
	at java.base/sun.nio.ch.Net.pollConnect(Native Method)
	at java.base/sun.nio.ch.Net.pollConnectNow(Net.java:672)
	at java.base/sun.nio.ch.SocketChannelImpl.finishConnect(SocketChannelImpl.java:946)
	at org.apache.zookeeper.ClientCnxnSocketNIO.doTransport(ClientCnxnSocketNIO.java:344)
	at org.apache.zookeeper.ClientCnxn$SendThread.run(ClientCnxn.java:1289)
[2024-12-02 18:00:06,046] INFO Opening socket connection to server localhost/127.0.0.1:2181. (org.apache.zookeeper.ClientCnxn)
[2024-12-02 18:00:06,047] WARN Session 0x10000128c950002 for server localhost/127.0.0.1:2181, Closing socket connection. Attempting reconnect except it is a SessionExpiredException. (org.apache.zookeeper.ClientCnxn)
java.net.ConnectException: Connection refused
	at java.base/sun.nio.ch.Net.pollConnect(Native Method)
	at java.base/sun.nio.ch.Net.pollConnectNow(Net.java:672)
	at java.base/sun.nio.ch.SocketChannelImpl.finishConnect(SocketChannelImpl.java:946)
	at org.apache.zookeeper.ClientCnxnSocketNIO.doTransport(ClientCnxnSocketNIO.java:344)
	at org.apache.zookeeper.ClientCnxn$SendThread.run(ClientCnxn.java:1289)
[2024-12-02 18:00:07,402] INFO Terminating process due to signal SIGINT (org.apache.kafka.common.utils.LoggingSignalHandler)
[2024-12-02 18:00:07,404] INFO [KafkaServer id=2] shutting down (kafka.server.KafkaServer)
[2024-12-02 18:00:07,406] INFO [KafkaServer id=2] Starting controlled shutdown (kafka.server.KafkaServer)
[2024-12-02 18:00:07,581] INFO Opening socket connection to server localhost/[0:0:0:0:0:0:0:1]:2181. (org.apache.zookeeper.ClientCnxn)
[2024-12-02 18:00:07,582] WARN Session 0x10000128c950002 for server localhost/[0:0:0:0:0:0:0:1]:2181, Closing socket connection. Attempting reconnect except it is a SessionExpiredException. (org.apache.zookeeper.ClientCnxn)
java.net.ConnectException: Connection refused
	at java.base/sun.nio.ch.Net.pollConnect(Native Method)
	at java.base/sun.nio.ch.Net.pollConnectNow(Net.java:672)
	at java.base/sun.nio.ch.SocketChannelImpl.finishConnect(SocketChannelImpl.java:946)
	at org.apache.zookeeper.ClientCnxnSocketNIO.doTransport(ClientCnxnSocketNIO.java:344)
	at org.apache.zookeeper.ClientCnxn$SendThread.run(ClientCnxn.java:1289)
[2024-12-02 18:00:09,044] INFO Opening socket connection to server localhost/[0:0:0:0:0:0:0:1]:2181. (org.apache.zookeeper.ClientCnxn)
[2024-12-02 18:00:09,045] WARN Session 0x10000128c950002 for server localhost/[0:0:0:0:0:0:0:1]:2181, Closing socket connection. Attempting reconnect except it is a SessionExpiredException. (org.apache.zookeeper.ClientCnxn)
java.net.ConnectException: Connection refused
	at java.base/sun.nio.ch.Net.pollConnect(Native Method)
	at java.base/sun.nio.ch.Net.pollConnectNow(Net.java:672)
	at java.base/sun.nio.ch.SocketChannelImpl.finishConnect(SocketChannelImpl.java:946)
	at org.apache.zookeeper.ClientCnxnSocketNIO.doTransport(ClientCnxnSocketNIO.java:344)
	at org.apache.zookeeper.ClientCnxn$SendThread.run(ClientCnxn.java:1289)
[2024-12-02 18:00:10,452] INFO Opening socket connection to server localhost/[0:0:0:0:0:0:0:1]:2181. (org.apache.zookeeper.ClientCnxn)
[2024-12-02 18:00:10,454] WARN Session 0x10000128c950002 for server localhost/[0:0:0:0:0:0:0:1]:2181, Closing socket connection. Attempting reconnect except it is a SessionExpiredException. (org.apache.zookeeper.ClientCnxn)
java.net.ConnectException: Connection refused
	at java.base/sun.nio.ch.Net.pollConnect(Native Method)
	at java.base/sun.nio.ch.Net.pollConnectNow(Net.java:672)
	at java.base/sun.nio.ch.SocketChannelImpl.finishConnect(SocketChannelImpl.java:946)
	at org.apache.zookeeper.ClientCnxnSocketNIO.doTransport(ClientCnxnSocketNIO.java:344)
	at org.apache.zookeeper.ClientCnxn$SendThread.run(ClientCnxn.java:1289)
[2024-12-02 18:00:12,241] INFO Opening socket connection to server localhost/127.0.0.1:2181. (org.apache.zookeeper.ClientCnxn)
[2024-12-02 18:00:12,244] WARN Session 0x10000128c950002 for server localhost/127.0.0.1:2181, Closing socket connection. Attempting reconnect except it is a SessionExpiredException. (org.apache.zookeeper.ClientCnxn)
java.net.ConnectException: Connection refused
	at java.base/sun.nio.ch.Net.pollConnect(Native Method)
	at java.base/sun.nio.ch.Net.pollConnectNow(Net.java:672)
	at java.base/sun.nio.ch.SocketChannelImpl.finishConnect(SocketChannelImpl.java:946)
	at org.apache.zookeeper.ClientCnxnSocketNIO.doTransport(ClientCnxnSocketNIO.java:344)
	at org.apache.zookeeper.ClientCnxn$SendThread.run(ClientCnxn.java:1289)
[2024-12-02 18:00:13,569] INFO Opening socket connection to server localhost/[0:0:0:0:0:0:0:1]:2181. (org.apache.zookeeper.ClientCnxn)
[2024-12-02 18:00:13,570] WARN Session 0x10000128c950002 for server localhost/[0:0:0:0:0:0:0:1]:2181, Closing socket connection. Attempting reconnect except it is a SessionExpiredException. (org.apache.zookeeper.ClientCnxn)
java.net.ConnectException: Connection refused
	at java.base/sun.nio.ch.Net.pollConnect(Native Method)
	at java.base/sun.nio.ch.Net.pollConnectNow(Net.java:672)
	at java.base/sun.nio.ch.SocketChannelImpl.finishConnect(SocketChannelImpl.java:946)
	at org.apache.zookeeper.ClientCnxnSocketNIO.doTransport(ClientCnxnSocketNIO.java:344)
	at org.apache.zookeeper.ClientCnxn$SendThread.run(ClientCnxn.java:1289)
[2024-12-02 18:00:15,085] INFO Opening socket connection to server localhost/127.0.0.1:2181. (org.apache.zookeeper.ClientCnxn)
[2024-12-02 18:00:15,086] WARN Session 0x10000128c950002 for server localhost/127.0.0.1:2181, Closing socket connection. Attempting reconnect except it is a SessionExpiredException. (org.apache.zookeeper.ClientCnxn)
java.net.ConnectException: Connection refused
	at java.base/sun.nio.ch.Net.pollConnect(Native Method)
	at java.base/sun.nio.ch.Net.pollConnectNow(Net.java:672)
	at java.base/sun.nio.ch.SocketChannelImpl.finishConnect(SocketChannelImpl.java:946)
	at org.apache.zookeeper.ClientCnxnSocketNIO.doTransport(ClientCnxnSocketNIO.java:344)
	at org.apache.zookeeper.ClientCnxn$SendThread.run(ClientCnxn.java:1289)
[2024-12-02 18:00:16,232] INFO Opening socket connection to server localhost/127.0.0.1:2181. (org.apache.zookeeper.ClientCnxn)
[2024-12-02 18:00:16,233] WARN Session 0x10000128c950002 for server localhost/127.0.0.1:2181, Closing socket connection. Attempting reconnect except it is a SessionExpiredException. (org.apache.zookeeper.ClientCnxn)
java.net.ConnectException: Connection refused
	at java.base/sun.nio.ch.Net.pollConnect(Native Method)
	at java.base/sun.nio.ch.Net.pollConnectNow(Net.java:672)
	at java.base/sun.nio.ch.SocketChannelImpl.finishConnect(SocketChannelImpl.java:946)
	at org.apache.zookeeper.ClientCnxnSocketNIO.doTransport(ClientCnxnSocketNIO.java:344)
	at org.apache.zookeeper.ClientCnxn$SendThread.run(ClientCnxn.java:1289)
[2024-12-02 18:00:17,377] INFO Opening socket connection to server localhost/127.0.0.1:2181. (org.apache.zookeeper.ClientCnxn)
[2024-12-02 18:00:17,378] WARN Session 0x10000128c950002 for server localhost/127.0.0.1:2181, Closing socket connection. Attempting reconnect except it is a SessionExpiredException. (org.apache.zookeeper.ClientCnxn)
java.net.ConnectException: Connection refused
	at java.base/sun.nio.ch.Net.pollConnect(Native Method)
	at java.base/sun.nio.ch.Net.pollConnectNow(Net.java:672)
	at java.base/sun.nio.ch.SocketChannelImpl.finishConnect(SocketChannelImpl.java:946)
	at org.apache.zookeeper.ClientCnxnSocketNIO.doTransport(ClientCnxnSocketNIO.java:344)
	at org.apache.zookeeper.ClientCnxn$SendThread.run(ClientCnxn.java:1289)
[2024-12-02 18:00:18,540] INFO Opening socket connection to server localhost/127.0.0.1:2181. (org.apache.zookeeper.ClientCnxn)
[2024-12-02 18:00:18,541] WARN Session 0x10000128c950002 for server localhost/127.0.0.1:2181, Closing socket connection. Attempting reconnect except it is a SessionExpiredException. (org.apache.zookeeper.ClientCnxn)
java.net.ConnectException: Connection refused
	at java.base/sun.nio.ch.Net.pollConnect(Native Method)
	at java.base/sun.nio.ch.Net.pollConnectNow(Net.java:672)
	at java.base/sun.nio.ch.SocketChannelImpl.finishConnect(SocketChannelImpl.java:946)
	at org.apache.zookeeper.ClientCnxnSocketNIO.doTransport(ClientCnxnSocketNIO.java:344)
	at org.apache.zookeeper.ClientCnxn$SendThread.run(ClientCnxn.java:1289)
[2024-12-02 18:00:20,647] INFO Opening socket connection to server localhost/127.0.0.1:2181. (org.apache.zookeeper.ClientCnxn)
[2024-12-02 18:00:20,647] WARN Session 0x10000128c950002 for server localhost/127.0.0.1:2181, Closing socket connection. Attempting reconnect except it is a SessionExpiredException. (org.apache.zookeeper.ClientCnxn)
java.net.ConnectException: Connection refused
	at java.base/sun.nio.ch.Net.pollConnect(Native Method)
	at java.base/sun.nio.ch.Net.pollConnectNow(Net.java:672)
	at java.base/sun.nio.ch.SocketChannelImpl.finishConnect(SocketChannelImpl.java:946)
	at org.apache.zookeeper.ClientCnxnSocketNIO.doTransport(ClientCnxnSocketNIO.java:344)
	at org.apache.zookeeper.ClientCnxn$SendThread.run(ClientCnxn.java:1289)
[2024-12-02 18:00:22,057] INFO Opening socket connection to server localhost/[0:0:0:0:0:0:0:1]:2181. (org.apache.zookeeper.ClientCnxn)
[2024-12-02 18:00:22,058] WARN Session 0x10000128c950002 for server localhost/[0:0:0:0:0:0:0:1]:2181, Closing socket connection. Attempting reconnect except it is a SessionExpiredException. (org.apache.zookeeper.ClientCnxn)
java.net.ConnectException: Connection refused
	at java.base/sun.nio.ch.Net.pollConnect(Native Method)
	at java.base/sun.nio.ch.Net.pollConnectNow(Net.java:672)
	at java.base/sun.nio.ch.SocketChannelImpl.finishConnect(SocketChannelImpl.java:946)
	at org.apache.zookeeper.ClientCnxnSocketNIO.doTransport(ClientCnxnSocketNIO.java:344)
	at org.apache.zookeeper.ClientCnxn$SendThread.run(ClientCnxn.java:1289)
[2024-12-02 18:00:23,720] INFO Opening socket connection to server localhost/[0:0:0:0:0:0:0:1]:2181. (org.apache.zookeeper.ClientCnxn)
[2024-12-02 18:00:23,722] WARN Session 0x10000128c950002 for server localhost/[0:0:0:0:0:0:0:1]:2181, Closing socket connection. Attempting reconnect except it is a SessionExpiredException. (org.apache.zookeeper.ClientCnxn)
java.net.ConnectException: Connection refused
	at java.base/sun.nio.ch.Net.pollConnect(Native Method)
	at java.base/sun.nio.ch.Net.pollConnectNow(Net.java:672)
	at java.base/sun.nio.ch.SocketChannelImpl.finishConnect(SocketChannelImpl.java:946)
	at org.apache.zookeeper.ClientCnxnSocketNIO.doTransport(ClientCnxnSocketNIO.java:344)
	at org.apache.zookeeper.ClientCnxn$SendThread.run(ClientCnxn.java:1289)
[2024-12-02 18:00:23,932] INFO Terminating process due to signal SIGINT (org.apache.kafka.common.utils.LoggingSignalHandler)
[2024-12-02 18:00:24,174] INFO Terminating process due to signal SIGINT (org.apache.kafka.common.utils.LoggingSignalHandler)
[2024-12-02 18:00:24,367] INFO Terminating process due to signal SIGINT (org.apache.kafka.common.utils.LoggingSignalHandler)
[2024-12-02 18:00:24,566] INFO Terminating process due to signal SIGINT (org.apache.kafka.common.utils.LoggingSignalHandler)
[2024-12-02 18:00:25,042] INFO Opening socket connection to server localhost/[0:0:0:0:0:0:0:1]:2181. (org.apache.zookeeper.ClientCnxn)
[2024-12-02 18:00:25,043] WARN Session 0x10000128c950002 for server localhost/[0:0:0:0:0:0:0:1]:2181, Closing socket connection. Attempting reconnect except it is a SessionExpiredException. (org.apache.zookeeper.ClientCnxn)
java.net.ConnectException: Connection refused
	at java.base/sun.nio.ch.Net.pollConnect(Native Method)
	at java.base/sun.nio.ch.Net.pollConnectNow(Net.java:672)
	at java.base/sun.nio.ch.SocketChannelImpl.finishConnect(SocketChannelImpl.java:946)
	at org.apache.zookeeper.ClientCnxnSocketNIO.doTransport(ClientCnxnSocketNIO.java:344)
	at org.apache.zookeeper.ClientCnxn$SendThread.run(ClientCnxn.java:1289)
[2024-12-02 18:00:26,290] INFO Terminating process due to signal SIGINT (org.apache.kafka.common.utils.LoggingSignalHandler)
[2024-12-02 18:00:26,806] INFO Opening socket connection to server localhost/[0:0:0:0:0:0:0:1]:2181. (org.apache.zookeeper.ClientCnxn)
[2024-12-02 18:00:26,807] WARN Session 0x10000128c950002 for server localhost/[0:0:0:0:0:0:0:1]:2181, Closing socket connection. Attempting reconnect except it is a SessionExpiredException. (org.apache.zookeeper.ClientCnxn)
java.net.ConnectException: Connection refused
	at java.base/sun.nio.ch.Net.pollConnect(Native Method)
	at java.base/sun.nio.ch.Net.pollConnectNow(Net.java:672)
	at java.base/sun.nio.ch.SocketChannelImpl.finishConnect(SocketChannelImpl.java:946)
	at org.apache.zookeeper.ClientCnxnSocketNIO.doTransport(ClientCnxnSocketNIO.java:344)
	at org.apache.zookeeper.ClientCnxn$SendThread.run(ClientCnxn.java:1289)
[2024-12-02 18:00:27,699] INFO Terminating process due to signal SIGINT (org.apache.kafka.common.utils.LoggingSignalHandler)
[2024-12-02 18:00:28,489] INFO Opening socket connection to server localhost/[0:0:0:0:0:0:0:1]:2181. (org.apache.zookeeper.ClientCnxn)
[2024-12-02 18:00:28,490] WARN Session 0x10000128c950002 for server localhost/[0:0:0:0:0:0:0:1]:2181, Closing socket connection. Attempting reconnect except it is a SessionExpiredException. (org.apache.zookeeper.ClientCnxn)
java.net.ConnectException: Connection refused
	at java.base/sun.nio.ch.Net.pollConnect(Native Method)
	at java.base/sun.nio.ch.Net.pollConnectNow(Net.java:672)
	at java.base/sun.nio.ch.SocketChannelImpl.finishConnect(SocketChannelImpl.java:946)
	at org.apache.zookeeper.ClientCnxnSocketNIO.doTransport(ClientCnxnSocketNIO.java:344)
	at org.apache.zookeeper.ClientCnxn$SendThread.run(ClientCnxn.java:1289)
[2024-12-02 18:00:30,151] INFO Opening socket connection to server localhost/[0:0:0:0:0:0:0:1]:2181. (org.apache.zookeeper.ClientCnxn)
[2024-12-02 18:00:30,152] WARN Session 0x10000128c950002 for server localhost/[0:0:0:0:0:0:0:1]:2181, Closing socket connection. Attempting reconnect except it is a SessionExpiredException. (org.apache.zookeeper.ClientCnxn)
java.net.ConnectException: Connection refused
	at java.base/sun.nio.ch.Net.pollConnect(Native Method)
	at java.base/sun.nio.ch.Net.pollConnectNow(Net.java:672)
	at java.base/sun.nio.ch.SocketChannelImpl.finishConnect(SocketChannelImpl.java:946)
	at org.apache.zookeeper.ClientCnxnSocketNIO.doTransport(ClientCnxnSocketNIO.java:344)
	at org.apache.zookeeper.ClientCnxn$SendThread.run(ClientCnxn.java:1289)
[2024-12-02 18:00:31,464] INFO Opening socket connection to server localhost/[0:0:0:0:0:0:0:1]:2181. (org.apache.zookeeper.ClientCnxn)
[2024-12-02 18:00:31,464] WARN Session 0x10000128c950002 for server localhost/[0:0:0:0:0:0:0:1]:2181, Closing socket connection. Attempting reconnect except it is a SessionExpiredException. (org.apache.zookeeper.ClientCnxn)
java.net.ConnectException: Connection refused
	at java.base/sun.nio.ch.Net.pollConnect(Native Method)
	at java.base/sun.nio.ch.Net.pollConnectNow(Net.java:672)
	at java.base/sun.nio.ch.SocketChannelImpl.finishConnect(SocketChannelImpl.java:946)
	at org.apache.zookeeper.ClientCnxnSocketNIO.doTransport(ClientCnxnSocketNIO.java:344)
	at org.apache.zookeeper.ClientCnxn$SendThread.run(ClientCnxn.java:1289)
[2024-12-02 18:00:31,830] INFO Reading configuration from: config/zookeeper.properties (org.apache.zookeeper.server.quorum.QuorumPeerConfig)
[2024-12-02 18:00:31,831] WARN config/zookeeper.properties is relative. Prepend ./ to indicate that you're sure! (org.apache.zookeeper.server.quorum.QuorumPeerConfig)
[2024-12-02 18:00:31,833] INFO clientPortAddress is 0.0.0.0:2181 (org.apache.zookeeper.server.quorum.QuorumPeerConfig)
[2024-12-02 18:00:31,833] INFO secureClientPort is not set (org.apache.zookeeper.server.quorum.QuorumPeerConfig)
[2024-12-02 18:00:31,833] INFO observerMasterPort is not set (org.apache.zookeeper.server.quorum.QuorumPeerConfig)
[2024-12-02 18:00:31,833] INFO metricsProvider.className is org.apache.zookeeper.metrics.impl.DefaultMetricsProvider (org.apache.zookeeper.server.quorum.QuorumPeerConfig)
[2024-12-02 18:00:31,833] INFO autopurge.snapRetainCount set to 3 (org.apache.zookeeper.server.DatadirCleanupManager)
[2024-12-02 18:00:31,833] INFO autopurge.purgeInterval set to 0 (org.apache.zookeeper.server.DatadirCleanupManager)
[2024-12-02 18:00:31,833] INFO Purge task is not scheduled. (org.apache.zookeeper.server.DatadirCleanupManager)
[2024-12-02 18:00:31,833] WARN Either no config or no quorum defined in config, running in standalone mode (org.apache.zookeeper.server.quorum.QuorumPeerMain)
[2024-12-02 18:00:31,834] INFO Log4j 1.2 jmx support not found; jmx disabled. (org.apache.zookeeper.jmx.ManagedUtil)
[2024-12-02 18:00:31,834] INFO Reading configuration from: config/zookeeper.properties (org.apache.zookeeper.server.quorum.QuorumPeerConfig)
[2024-12-02 18:00:31,834] WARN config/zookeeper.properties is relative. Prepend ./ to indicate that you're sure! (org.apache.zookeeper.server.quorum.QuorumPeerConfig)
[2024-12-02 18:00:31,834] INFO clientPortAddress is 0.0.0.0:2181 (org.apache.zookeeper.server.quorum.QuorumPeerConfig)
[2024-12-02 18:00:31,834] INFO secureClientPort is not set (org.apache.zookeeper.server.quorum.QuorumPeerConfig)
[2024-12-02 18:00:31,834] INFO observerMasterPort is not set (org.apache.zookeeper.server.quorum.QuorumPeerConfig)
[2024-12-02 18:00:31,834] INFO metricsProvider.className is org.apache.zookeeper.metrics.impl.DefaultMetricsProvider (org.apache.zookeeper.server.quorum.QuorumPeerConfig)
[2024-12-02 18:00:31,834] INFO Starting server (org.apache.zookeeper.server.ZooKeeperServerMain)
[2024-12-02 18:00:31,838] INFO ServerMetrics initialized with provider org.apache.zookeeper.metrics.impl.DefaultMetricsProvider@240237d2 (org.apache.zookeeper.server.ServerMetrics)
[2024-12-02 18:00:31,839] INFO ACL digest algorithm is: SHA1 (org.apache.zookeeper.server.auth.DigestAuthenticationProvider)
[2024-12-02 18:00:31,839] INFO zookeeper.DigestAuthenticationProvider.enabled = true (org.apache.zookeeper.server.auth.DigestAuthenticationProvider)
[2024-12-02 18:00:31,840] INFO zookeeper.snapshot.trust.empty : false (org.apache.zookeeper.server.persistence.FileTxnSnapLog)
[2024-12-02 18:00:31,843] INFO  (org.apache.zookeeper.server.ZooKeeperServer)
[2024-12-02 18:00:31,843] INFO   ______                  _                                           (org.apache.zookeeper.server.ZooKeeperServer)
[2024-12-02 18:00:31,843] INFO  |___  /                 | |                                          (org.apache.zookeeper.server.ZooKeeperServer)
[2024-12-02 18:00:31,843] INFO     / /    ___     ___   | | __   ___    ___   _ __     ___   _ __    (org.apache.zookeeper.server.ZooKeeperServer)
[2024-12-02 18:00:31,843] INFO    / /    / _ \   / _ \  | |/ /  / _ \  / _ \ | '_ \   / _ \ | '__| (org.apache.zookeeper.server.ZooKeeperServer)
[2024-12-02 18:00:31,843] INFO   / /__  | (_) | | (_) | |   <  |  __/ |  __/ | |_) | |  __/ | |     (org.apache.zookeeper.server.ZooKeeperServer)
[2024-12-02 18:00:31,843] INFO  /_____|  \___/   \___/  |_|\_\  \___|  \___| | .__/   \___| |_| (org.apache.zookeeper.server.ZooKeeperServer)
[2024-12-02 18:00:31,843] INFO                                               | |                      (org.apache.zookeeper.server.ZooKeeperServer)
[2024-12-02 18:00:31,843] INFO                                               |_|                      (org.apache.zookeeper.server.ZooKeeperServer)
[2024-12-02 18:00:31,843] INFO  (org.apache.zookeeper.server.ZooKeeperServer)
[2024-12-02 18:00:31,844] INFO Server environment:zookeeper.version=3.8.4-9316c2a7a97e1666d8f4593f34dd6fc36ecc436c, built on 2024-02-12 22:16 UTC (org.apache.zookeeper.server.ZooKeeperServer)
[2024-12-02 18:00:31,844] INFO Server environment:host.name=localhost (org.apache.zookeeper.server.ZooKeeperServer)
[2024-12-02 18:00:31,845] INFO Server environment:java.version=17.0.11 (org.apache.zookeeper.server.ZooKeeperServer)
[2024-12-02 18:00:31,845] INFO Server environment:java.vendor=Oracle Corporation (org.apache.zookeeper.server.ZooKeeperServer)
[2024-12-02 18:00:31,845] INFO Server environment:java.home=/Library/Java/JavaVirtualMachines/jdk-17.jdk/Contents/Home (org.apache.zookeeper.server.ZooKeeperServer)
[2024-12-02 18:00:31,845] INFO Server environment:java.class.path=/Users/yehor/IdeaProjects/kafka/bin/../libs/activation-1.1.1.jar:/Users/yehor/IdeaProjects/kafka/bin/../libs/aopalliance-repackaged-2.6.1.jar:/Users/yehor/IdeaProjects/kafka/bin/../libs/argparse4j-0.7.0.jar:/Users/yehor/IdeaProjects/kafka/bin/../libs/audience-annotations-0.12.0.jar:/Users/yehor/IdeaProjects/kafka/bin/../libs/caffeine-2.9.3.jar:/Users/yehor/IdeaProjects/kafka/bin/../libs/commons-beanutils-1.9.4.jar:/Users/yehor/IdeaProjects/kafka/bin/../libs/commons-cli-1.4.jar:/Users/yehor/IdeaProjects/kafka/bin/../libs/commons-collections-3.2.2.jar:/Users/yehor/IdeaProjects/kafka/bin/../libs/commons-digester-2.1.jar:/Users/yehor/IdeaProjects/kafka/bin/../libs/commons-io-2.14.0.jar:/Users/yehor/IdeaProjects/kafka/bin/../libs/commons-lang3-3.12.0.jar:/Users/yehor/IdeaProjects/kafka/bin/../libs/commons-logging-1.2.jar:/Users/yehor/IdeaProjects/kafka/bin/../libs/commons-validator-1.7.jar:/Users/yehor/IdeaProjects/kafka/bin/../libs/connect-api-3.9.0.jar:/Users/yehor/IdeaProjects/kafka/bin/../libs/connect-basic-auth-extension-3.9.0.jar:/Users/yehor/IdeaProjects/kafka/bin/../libs/connect-json-3.9.0.jar:/Users/yehor/IdeaProjects/kafka/bin/../libs/connect-mirror-3.9.0.jar:/Users/yehor/IdeaProjects/kafka/bin/../libs/connect-mirror-client-3.9.0.jar:/Users/yehor/IdeaProjects/kafka/bin/../libs/connect-runtime-3.9.0.jar:/Users/yehor/IdeaProjects/kafka/bin/../libs/connect-transforms-3.9.0.jar:/Users/yehor/IdeaProjects/kafka/bin/../libs/error_prone_annotations-2.10.0.jar:/Users/yehor/IdeaProjects/kafka/bin/../libs/hk2-api-2.6.1.jar:/Users/yehor/IdeaProjects/kafka/bin/../libs/hk2-locator-2.6.1.jar:/Users/yehor/IdeaProjects/kafka/bin/../libs/hk2-utils-2.6.1.jar:/Users/yehor/IdeaProjects/kafka/bin/../libs/jackson-annotations-2.16.2.jar:/Users/yehor/IdeaProjects/kafka/bin/../libs/jackson-core-2.16.2.jar:/Users/yehor/IdeaProjects/kafka/bin/../libs/jackson-databind-2.16.2.jar:/Users/yehor/IdeaProjects/kafka/bin/../libs/jackson-dataformat-csv-2.16.2.jar:/Users/yehor/IdeaProjects/kafka/bin/../libs/jackson-datatype-jdk8-2.16.2.jar:/Users/yehor/IdeaProjects/kafka/bin/../libs/jackson-jaxrs-base-2.16.2.jar:/Users/yehor/IdeaProjects/kafka/bin/../libs/jackson-jaxrs-json-provider-2.16.2.jar:/Users/yehor/IdeaProjects/kafka/bin/../libs/jackson-module-afterburner-2.16.2.jar:/Users/yehor/IdeaProjects/kafka/bin/../libs/jackson-module-jaxb-annotations-2.16.2.jar:/Users/yehor/IdeaProjects/kafka/bin/../libs/jackson-module-scala_2.12-2.16.2.jar:/Users/yehor/IdeaProjects/kafka/bin/../libs/jakarta.activation-api-1.2.2.jar:/Users/yehor/IdeaProjects/kafka/bin/../libs/jakarta.annotation-api-1.3.5.jar:/Users/yehor/IdeaProjects/kafka/bin/../libs/jakarta.inject-2.6.1.jar:/Users/yehor/IdeaProjects/kafka/bin/../libs/jakarta.validation-api-2.0.2.jar:/Users/yehor/IdeaProjects/kafka/bin/../libs/jakarta.ws.rs-api-2.1.6.jar:/Users/yehor/IdeaProjects/kafka/bin/../libs/jakarta.xml.bind-api-2.3.3.jar:/Users/yehor/IdeaProjects/kafka/bin/../libs/javassist-3.29.2-GA.jar:/Users/yehor/IdeaProjects/kafka/bin/../libs/javax.activation-api-1.2.0.jar:/Users/yehor/IdeaProjects/kafka/bin/../libs/javax.annotation-api-1.3.2.jar:/Users/yehor/IdeaProjects/kafka/bin/../libs/javax.servlet-api-3.1.0.jar:/Users/yehor/IdeaProjects/kafka/bin/../libs/javax.ws.rs-api-2.1.1.jar:/Users/yehor/IdeaProjects/kafka/bin/../libs/jaxb-api-2.3.1.jar:/Users/yehor/IdeaProjects/kafka/bin/../libs/jersey-client-2.39.1.jar:/Users/yehor/IdeaProjects/kafka/bin/../libs/jersey-common-2.39.1.jar:/Users/yehor/IdeaProjects/kafka/bin/../libs/jersey-container-servlet-2.39.1.jar:/Users/yehor/IdeaProjects/kafka/bin/../libs/jersey-container-servlet-core-2.39.1.jar:/Users/yehor/IdeaProjects/kafka/bin/../libs/jersey-hk2-2.39.1.jar:/Users/yehor/IdeaProjects/kafka/bin/../libs/jersey-server-2.39.1.jar:/Users/yehor/IdeaProjects/kafka/bin/../libs/jetty-client-9.4.56.v20240826.jar:/Users/yehor/IdeaProjects/kafka/bin/../libs/jetty-continuation-9.4.56.v20240826.jar:/Users/yehor/IdeaProjects/kafka/bin/../libs/jetty-http-9.4.56.v20240826.jar:/Users/yehor/IdeaProjects/kafka/bin/../libs/jetty-io-9.4.56.v20240826.jar:/Users/yehor/IdeaProjects/kafka/bin/../libs/jetty-security-9.4.56.v20240826.jar:/Users/yehor/IdeaProjects/kafka/bin/../libs/jetty-server-9.4.56.v20240826.jar:/Users/yehor/IdeaProjects/kafka/bin/../libs/jetty-servlet-9.4.56.v20240826.jar:/Users/yehor/IdeaProjects/kafka/bin/../libs/jetty-servlets-9.4.56.v20240826.jar:/Users/yehor/IdeaProjects/kafka/bin/../libs/jetty-util-9.4.56.v20240826.jar:/Users/yehor/IdeaProjects/kafka/bin/../libs/jetty-util-ajax-9.4.56.v20240826.jar:/Users/yehor/IdeaProjects/kafka/bin/../libs/jline-3.25.1.jar:/Users/yehor/IdeaProjects/kafka/bin/../libs/jopt-simple-5.0.4.jar:/Users/yehor/IdeaProjects/kafka/bin/../libs/jose4j-0.9.4.jar:/Users/yehor/IdeaProjects/kafka/bin/../libs/jsr305-3.0.2.jar:/Users/yehor/IdeaProjects/kafka/bin/../libs/kafka-clients-3.9.0.jar:/Users/yehor/IdeaProjects/kafka/bin/../libs/kafka-group-coordinator-3.9.0.jar:/Users/yehor/IdeaProjects/kafka/bin/../libs/kafka-group-coordinator-api-3.9.0.jar:/Users/yehor/IdeaProjects/kafka/bin/../libs/kafka-metadata-3.9.0.jar:/Users/yehor/IdeaProjects/kafka/bin/../libs/kafka-raft-3.9.0.jar:/Users/yehor/IdeaProjects/kafka/bin/../libs/kafka-server-3.9.0.jar:/Users/yehor/IdeaProjects/kafka/bin/../libs/kafka-server-common-3.9.0.jar:/Users/yehor/IdeaProjects/kafka/bin/../libs/kafka-shell-3.9.0.jar:/Users/yehor/IdeaProjects/kafka/bin/../libs/kafka-storage-3.9.0.jar:/Users/yehor/IdeaProjects/kafka/bin/../libs/kafka-storage-api-3.9.0.jar:/Users/yehor/IdeaProjects/kafka/bin/../libs/kafka-streams-3.9.0.jar:/Users/yehor/IdeaProjects/kafka/bin/../libs/kafka-streams-examples-3.9.0.jar:/Users/yehor/IdeaProjects/kafka/bin/../libs/kafka-streams-scala_2.12-3.9.0.jar:/Users/yehor/IdeaProjects/kafka/bin/../libs/kafka-streams-test-utils-3.9.0.jar:/Users/yehor/IdeaProjects/kafka/bin/../libs/kafka-tools-3.9.0.jar:/Users/yehor/IdeaProjects/kafka/bin/../libs/kafka-tools-api-3.9.0.jar:/Users/yehor/IdeaProjects/kafka/bin/../libs/kafka-transaction-coordinator-3.9.0.jar:/Users/yehor/IdeaProjects/kafka/bin/../libs/kafka_2.12-3.9.0.jar:/Users/yehor/IdeaProjects/kafka/bin/../libs/lz4-java-1.8.0.jar:/Users/yehor/IdeaProjects/kafka/bin/../libs/maven-artifact-3.9.6.jar:/Users/yehor/IdeaProjects/kafka/bin/../libs/metrics-core-2.2.0.jar:/Users/yehor/IdeaProjects/kafka/bin/../libs/metrics-core-4.1.12.1.jar:/Users/yehor/IdeaProjects/kafka/bin/../libs/netty-buffer-4.1.111.Final.jar:/Users/yehor/IdeaProjects/kafka/bin/../libs/netty-codec-4.1.111.Final.jar:/Users/yehor/IdeaProjects/kafka/bin/../libs/netty-common-4.1.111.Final.jar:/Users/yehor/IdeaProjects/kafka/bin/../libs/netty-handler-4.1.111.Final.jar:/Users/yehor/IdeaProjects/kafka/bin/../libs/netty-resolver-4.1.111.Final.jar:/Users/yehor/IdeaProjects/kafka/bin/../libs/netty-transport-4.1.111.Final.jar:/Users/yehor/IdeaProjects/kafka/bin/../libs/netty-transport-classes-epoll-4.1.111.Final.jar:/Users/yehor/IdeaProjects/kafka/bin/../libs/netty-transport-native-epoll-4.1.111.Final.jar:/Users/yehor/IdeaProjects/kafka/bin/../libs/netty-transport-native-unix-common-4.1.111.Final.jar:/Users/yehor/IdeaProjects/kafka/bin/../libs/opentelemetry-proto-1.0.0-alpha.jar:/Users/yehor/IdeaProjects/kafka/bin/../libs/osgi-resource-locator-1.0.3.jar:/Users/yehor/IdeaProjects/kafka/bin/../libs/paranamer-2.8.jar:/Users/yehor/IdeaProjects/kafka/bin/../libs/pcollections-4.0.1.jar:/Users/yehor/IdeaProjects/kafka/bin/../libs/plexus-utils-3.5.1.jar:/Users/yehor/IdeaProjects/kafka/bin/../libs/protobuf-java-3.25.5.jar:/Users/yehor/IdeaProjects/kafka/bin/../libs/reflections-0.10.2.jar:/Users/yehor/IdeaProjects/kafka/bin/../libs/reload4j-1.2.25.jar:/Users/yehor/IdeaProjects/kafka/bin/../libs/rocksdbjni-7.9.2.jar:/Users/yehor/IdeaProjects/kafka/bin/../libs/scala-collection-compat_2.12-2.10.0.jar:/Users/yehor/IdeaProjects/kafka/bin/../libs/scala-java8-compat_2.12-1.0.2.jar:/Users/yehor/IdeaProjects/kafka/bin/../libs/scala-library-2.12.19.jar:/Users/yehor/IdeaProjects/kafka/bin/../libs/scala-logging_2.12-3.9.5.jar:/Users/yehor/IdeaProjects/kafka/bin/../libs/scala-reflect-2.12.19.jar:/Users/yehor/IdeaProjects/kafka/bin/../libs/slf4j-api-1.7.36.jar:/Users/yehor/IdeaProjects/kafka/bin/../libs/slf4j-reload4j-1.7.36.jar:/Users/yehor/IdeaProjects/kafka/bin/../libs/snappy-java-1.1.10.5.jar:/Users/yehor/IdeaProjects/kafka/bin/../libs/swagger-annotations-2.2.8.jar:/Users/yehor/IdeaProjects/kafka/bin/../libs/trogdor-3.9.0.jar:/Users/yehor/IdeaProjects/kafka/bin/../libs/zookeeper-3.8.4.jar:/Users/yehor/IdeaProjects/kafka/bin/../libs/zookeeper-jute-3.8.4.jar:/Users/yehor/IdeaProjects/kafka/bin/../libs/zstd-jni-1.5.6-4.jar (org.apache.zookeeper.server.ZooKeeperServer)
[2024-12-02 18:00:31,845] INFO Server environment:java.library.path=/Users/yehor/Library/Java/Extensions:/Library/Java/Extensions:/Network/Library/Java/Extensions:/System/Library/Java/Extensions:/usr/lib/java:. (org.apache.zookeeper.server.ZooKeeperServer)
[2024-12-02 18:00:31,845] INFO Server environment:java.io.tmpdir=/var/folders/qk/ds5pdt9n4wzgjxrdn38kg90w0000gn/T/ (org.apache.zookeeper.server.ZooKeeperServer)
[2024-12-02 18:00:31,845] INFO Server environment:java.compiler=<NA> (org.apache.zookeeper.server.ZooKeeperServer)
[2024-12-02 18:00:31,845] INFO Server environment:os.name=Mac OS X (org.apache.zookeeper.server.ZooKeeperServer)
[2024-12-02 18:00:31,845] INFO Server environment:os.arch=aarch64 (org.apache.zookeeper.server.ZooKeeperServer)
[2024-12-02 18:00:31,845] INFO Server environment:os.version=15.1 (org.apache.zookeeper.server.ZooKeeperServer)
[2024-12-02 18:00:31,845] INFO Server environment:user.name=yehor (org.apache.zookeeper.server.ZooKeeperServer)
[2024-12-02 18:00:31,845] INFO Server environment:user.home=/Users/yehor (org.apache.zookeeper.server.ZooKeeperServer)
[2024-12-02 18:00:31,845] INFO Server environment:user.dir=/Users/yehor/IdeaProjects/kafka (org.apache.zookeeper.server.ZooKeeperServer)
[2024-12-02 18:00:31,845] INFO Server environment:os.memory.free=494MB (org.apache.zookeeper.server.ZooKeeperServer)
[2024-12-02 18:00:31,845] INFO Server environment:os.memory.max=512MB (org.apache.zookeeper.server.ZooKeeperServer)
[2024-12-02 18:00:31,845] INFO Server environment:os.memory.total=512MB (org.apache.zookeeper.server.ZooKeeperServer)
[2024-12-02 18:00:31,845] INFO zookeeper.enableEagerACLCheck = false (org.apache.zookeeper.server.ZooKeeperServer)
[2024-12-02 18:00:31,845] INFO zookeeper.digest.enabled = true (org.apache.zookeeper.server.ZooKeeperServer)
[2024-12-02 18:00:31,845] INFO zookeeper.closeSessionTxn.enabled = true (org.apache.zookeeper.server.ZooKeeperServer)
[2024-12-02 18:00:31,845] INFO zookeeper.flushDelay = 0 ms (org.apache.zookeeper.server.ZooKeeperServer)
[2024-12-02 18:00:31,845] INFO zookeeper.maxWriteQueuePollTime = 0 ms (org.apache.zookeeper.server.ZooKeeperServer)
[2024-12-02 18:00:31,845] INFO zookeeper.maxBatchSize=1000 (org.apache.zookeeper.server.ZooKeeperServer)
[2024-12-02 18:00:31,845] INFO zookeeper.intBufferStartingSizeBytes = 1024 (org.apache.zookeeper.server.ZooKeeperServer)
[2024-12-02 18:00:31,846] INFO Weighed connection throttling is disabled (org.apache.zookeeper.server.BlueThrottle)
[2024-12-02 18:00:31,846] INFO minSessionTimeout set to 6000 ms (org.apache.zookeeper.server.ZooKeeperServer)
[2024-12-02 18:00:31,846] INFO maxSessionTimeout set to 60000 ms (org.apache.zookeeper.server.ZooKeeperServer)
[2024-12-02 18:00:31,846] INFO getData response cache size is initialized with value 400. (org.apache.zookeeper.server.ResponseCache)
[2024-12-02 18:00:31,846] INFO getChildren response cache size is initialized with value 400. (org.apache.zookeeper.server.ResponseCache)
[2024-12-02 18:00:31,847] INFO zookeeper.pathStats.slotCapacity = 60 (org.apache.zookeeper.server.util.RequestPathMetricsCollector)
[2024-12-02 18:00:31,847] INFO zookeeper.pathStats.slotDuration = 15 (org.apache.zookeeper.server.util.RequestPathMetricsCollector)
[2024-12-02 18:00:31,847] INFO zookeeper.pathStats.maxDepth = 6 (org.apache.zookeeper.server.util.RequestPathMetricsCollector)
[2024-12-02 18:00:31,847] INFO zookeeper.pathStats.initialDelay = 5 (org.apache.zookeeper.server.util.RequestPathMetricsCollector)
[2024-12-02 18:00:31,847] INFO zookeeper.pathStats.delay = 5 (org.apache.zookeeper.server.util.RequestPathMetricsCollector)
[2024-12-02 18:00:31,847] INFO zookeeper.pathStats.enabled = false (org.apache.zookeeper.server.util.RequestPathMetricsCollector)
[2024-12-02 18:00:31,847] INFO The max bytes for all large requests are set to 104857600 (org.apache.zookeeper.server.ZooKeeperServer)
[2024-12-02 18:00:31,848] INFO The large request threshold is set to -1 (org.apache.zookeeper.server.ZooKeeperServer)
[2024-12-02 18:00:31,848] INFO zookeeper.enforce.auth.enabled = false (org.apache.zookeeper.server.AuthenticationHelper)
[2024-12-02 18:00:31,848] INFO zookeeper.enforce.auth.schemes = [] (org.apache.zookeeper.server.AuthenticationHelper)
[2024-12-02 18:00:31,848] INFO Created server with tickTime 3000 ms minSessionTimeout 6000 ms maxSessionTimeout 60000 ms clientPortListenBacklog -1 datadir /tmp/zookeeper/version-2 snapdir /tmp/zookeeper/version-2 (org.apache.zookeeper.server.ZooKeeperServer)
[2024-12-02 18:00:31,850] INFO Using org.apache.zookeeper.server.NIOServerCnxnFactory as server connection factory (org.apache.zookeeper.server.ServerCnxnFactory)
[2024-12-02 18:00:31,850] WARN maxCnxns is not configured, using default value 0. (org.apache.zookeeper.server.ServerCnxnFactory)
[2024-12-02 18:00:31,850] INFO Configuring NIO connection handler with 10s sessionless connection timeout, 2 selector thread(s), 24 worker threads, and 64 kB direct buffers. (org.apache.zookeeper.server.NIOServerCnxnFactory)
[2024-12-02 18:00:31,854] INFO binding to port 0.0.0.0/0.0.0.0:2181 (org.apache.zookeeper.server.NIOServerCnxnFactory)
[2024-12-02 18:00:31,858] INFO Using org.apache.zookeeper.server.watch.WatchManager as watch manager (org.apache.zookeeper.server.watch.WatchManagerFactory)
[2024-12-02 18:00:31,858] INFO Using org.apache.zookeeper.server.watch.WatchManager as watch manager (org.apache.zookeeper.server.watch.WatchManagerFactory)
[2024-12-02 18:00:31,858] INFO zookeeper.snapshotSizeFactor = 0.33 (org.apache.zookeeper.server.ZKDatabase)
[2024-12-02 18:00:31,858] INFO zookeeper.commitLogCount=500 (org.apache.zookeeper.server.ZKDatabase)
[2024-12-02 18:00:31,859] INFO zookeeper.snapshot.compression.method = CHECKED (org.apache.zookeeper.server.persistence.SnapStream)
[2024-12-02 18:00:31,859] INFO Reading snapshot /tmp/zookeeper/version-2/snapshot.0 (org.apache.zookeeper.server.persistence.FileSnap)
[2024-12-02 18:00:31,861] INFO The digest value is empty in snapshot (org.apache.zookeeper.server.DataTree)
[2024-12-02 18:00:31,875] INFO 187 txns loaded in 12 ms (org.apache.zookeeper.server.persistence.FileTxnSnapLog)
[2024-12-02 18:00:31,875] INFO Snapshot loaded in 16 ms, highest zxid is 0xbb, digest is 320951075577 (org.apache.zookeeper.server.ZKDatabase)
[2024-12-02 18:00:31,875] INFO Snapshotting: 0xbb to /tmp/zookeeper/version-2/snapshot.bb (org.apache.zookeeper.server.persistence.FileTxnSnapLog)
[2024-12-02 18:00:31,876] INFO Snapshot taken in 1 ms (org.apache.zookeeper.server.ZooKeeperServer)
[2024-12-02 18:00:31,879] INFO PrepRequestProcessor (sid:0) started, reconfigEnabled=false (org.apache.zookeeper.server.PrepRequestProcessor)
[2024-12-02 18:00:31,879] INFO zookeeper.request_throttler.shutdownTimeout = 10000 ms (org.apache.zookeeper.server.RequestThrottler)
[2024-12-02 18:00:31,884] INFO Using checkIntervalMs=60000 maxPerMinute=10000 maxNeverUsedIntervalMs=0 (org.apache.zookeeper.server.ContainerManager)
[2024-12-02 18:00:31,884] INFO ZooKeeper audit is disabled. (org.apache.zookeeper.audit.ZKAuditProvider)
[2024-12-02 18:00:32,811] INFO Creating new log file: log.bc (org.apache.zookeeper.server.persistence.FileTxnLog)
[2024-12-02 18:00:32,824] INFO [ReplicaFetcherManager on broker 2] Removed fetcher for partitions Set(months-5) (kafka.server.ReplicaFetcherManager)
[2024-12-02 18:00:32,825] INFO [ReplicaFetcher replicaId=2, leaderId=0, fetcherId=0] Partition months-2 has an older epoch (0) than the current leader. Will await the new LeaderAndIsr state before resuming fetching. (kafka.server.ReplicaFetcherThread)
[2024-12-02 18:00:32,829] WARN [ReplicaFetcher replicaId=2, leaderId=0, fetcherId=0] Partition months-2 marked as failed (kafka.server.ReplicaFetcherThread)
[2024-12-02 18:00:32,835] INFO [ReplicaFetcherManager on broker 2] Removed fetcher for partitions Set(months-2) (kafka.server.ReplicaFetcherManager)
[2024-12-02 18:00:32,837] INFO [ReplicaFetcherThread-0-0]: Shutting down (kafka.server.ReplicaFetcherThread)
[2024-12-02 18:00:32,838] INFO [ReplicaFetcherThread-0-0]: Stopped (kafka.server.ReplicaFetcherThread)
[2024-12-02 18:00:32,838] INFO [ReplicaFetcherThread-0-0]: Shutdown completed (kafka.server.ReplicaFetcherThread)
[2024-12-02 18:00:32,846] INFO [ReplicaFetcherManager on broker 2] Removed fetcher for partitions Set(months-6, months-3, months-0) (kafka.server.ReplicaFetcherManager)
[2024-12-02 18:00:32,861] INFO [KafkaServer id=2] Node 0 disconnected. (org.apache.kafka.clients.NetworkClient)
[2024-12-02 18:00:32,866] INFO [KafkaServer id=2] Cancelled in-flight CONTROLLED_SHUTDOWN request with correlation id 0 due to node 0 being disconnected (elapsed time since creation: 25449ms, elapsed time since send: 25449ms, throttle time: 0ms, request timeout: 30000ms) (org.apache.kafka.clients.NetworkClient)
[2024-12-02 18:00:32,869] WARN [KafkaServer id=2] Error during controlled shutdown, possibly because leader movement took longer than the configured controller.socket.timeout.ms and/or request.timeout.ms: Connection to 0 was disconnected before the response was read (kafka.server.KafkaServer)
[2024-12-02 18:00:32,869] INFO Opening socket connection to server localhost/[0:0:0:0:0:0:0:1]:2181. (org.apache.zookeeper.ClientCnxn)
[2024-12-02 18:00:32,872] INFO [ReplicaFetcherManager on broker 2] Removed fetcher for partitions Set(months-4, months-1) (kafka.server.ReplicaFetcherManager)
[2024-12-02 18:00:32,873] INFO Socket connection established, initiating session, client: /[0:0:0:0:0:0:0:1]:49481, server: localhost/[0:0:0:0:0:0:0:1]:2181 (org.apache.zookeeper.ClientCnxn)
[2024-12-02 18:00:32,873] INFO [ReplicaFetcherThread-0-1]: Shutting down (kafka.server.ReplicaFetcherThread)
[2024-12-02 18:00:32,873] INFO [ReplicaFetcher replicaId=2, leaderId=1, fetcherId=0] Client requested connection close from node 1 (org.apache.kafka.clients.NetworkClient)
[2024-12-02 18:00:32,873] INFO [ReplicaFetcher replicaId=2, leaderId=1, fetcherId=0] Cancelled in-flight FETCH request with correlation id 3702 due to node 1 being disconnected (elapsed time since creation: 231ms, elapsed time since send: 231ms, throttle time: 0ms, request timeout: 30000ms) (org.apache.kafka.clients.NetworkClient)
[2024-12-02 18:00:32,873] INFO [ReplicaFetcher replicaId=2, leaderId=1, fetcherId=0] Error sending fetch request (sessionId=338701102, epoch=3702) to node 1: (org.apache.kafka.clients.FetchSessionHandler)
java.io.IOException: Client was shutdown before response was read
	at org.apache.kafka.clients.NetworkClientUtils.sendAndReceive(NetworkClientUtils.java:109)
	at kafka.server.BrokerBlockingSender.sendRequest(BrokerBlockingSender.scala:114)
	at kafka.server.RemoteLeaderEndPoint.fetch(RemoteLeaderEndPoint.scala:79)
	at kafka.server.AbstractFetcherThread.processFetchRequest(AbstractFetcherThread.scala:317)
	at kafka.server.AbstractFetcherThread.$anonfun$maybeFetch$3(AbstractFetcherThread.scala:131)
	at kafka.server.AbstractFetcherThread.$anonfun$maybeFetch$3$adapted(AbstractFetcherThread.scala:130)
	at scala.Option.foreach(Option.scala:407)
	at kafka.server.AbstractFetcherThread.maybeFetch(AbstractFetcherThread.scala:130)
	at kafka.server.AbstractFetcherThread.doWork(AbstractFetcherThread.scala:113)
	at kafka.server.ReplicaFetcherThread.doWork(ReplicaFetcherThread.scala:98)
	at org.apache.kafka.server.util.ShutdownableThread.run(ShutdownableThread.java:136)
[2024-12-02 18:00:32,873] INFO [ReplicaFetcherThread-0-1]: Stopped (kafka.server.ReplicaFetcherThread)
[2024-12-02 18:00:32,873] INFO [ReplicaFetcherThread-0-1]: Shutdown completed (kafka.server.ReplicaFetcherThread)
[2024-12-02 18:00:32,874] INFO Session establishment complete on server localhost/[0:0:0:0:0:0:0:1]:2181, session id = 0x10000128c950002, negotiated timeout = 18000 (org.apache.zookeeper.ClientCnxn)
[2024-12-02 18:00:32,877] INFO [ReplicaFetcherManager on broker 2] Removed fetcher for partitions Set(months-4, months-1, months-2) (kafka.server.ReplicaFetcherManager)
[2024-12-02 18:00:32,898] INFO [ReplicaFetcherManager on broker 2] Removed fetcher for partitions Set(months-6, months-3, months-0, months-5) (kafka.server.ReplicaFetcherManager)
[2024-12-02 18:00:37,875] INFO [KafkaServer id=2] Retrying controlled shutdown (2 retries remaining) (kafka.server.KafkaServer)
[2024-12-02 18:00:37,875] INFO [KafkaServer id=2] Client requested connection close from node 0 (org.apache.kafka.clients.NetworkClient)
[2024-12-02 18:00:37,894] INFO [KafkaServer id=2] Controlled shutdown request returned after 15ms with 7 partitions remaining to move (kafka.server.KafkaServer)
[2024-12-02 18:00:39,579] INFO Terminating process due to signal SIGINT (org.apache.kafka.common.utils.LoggingSignalHandler)
[2024-12-02 18:00:42,897] INFO [KafkaServer id=2] Retrying controlled shutdown (1 retries remaining) (kafka.server.KafkaServer)
[2024-12-02 18:00:42,904] INFO [KafkaServer id=2] Controlled shutdown request returned after 6ms with 7 partitions remaining to move (kafka.server.KafkaServer)
[2024-12-02 18:00:42,906] WARN [KafkaServer id=2] Proceeding to do an unclean shutdown as all the controlled shutdown attempts failed (kafka.server.KafkaServer)
[2024-12-02 18:00:42,906] INFO [/config/changes-event-process-thread]: Shutting down (kafka.common.ZkNodeChangeNotificationListener$ChangeEventProcessThread)
[2024-12-02 18:00:42,906] INFO [/config/changes-event-process-thread]: Stopped (kafka.common.ZkNodeChangeNotificationListener$ChangeEventProcessThread)
[2024-12-02 18:00:42,906] INFO [/config/changes-event-process-thread]: Shutdown completed (kafka.common.ZkNodeChangeNotificationListener$ChangeEventProcessThread)
[2024-12-02 18:00:42,906] INFO [SocketServer listenerType=ZK_BROKER, nodeId=2] Stopping socket server request processors (kafka.network.SocketServer)
[2024-12-02 18:00:42,909] INFO [SocketServer listenerType=ZK_BROKER, nodeId=2] Stopped socket server request processors (kafka.network.SocketServer)
[2024-12-02 18:00:42,909] INFO [data-plane Kafka Request Handler on Broker 2], shutting down (kafka.server.KafkaRequestHandlerPool)
[2024-12-02 18:00:42,910] INFO [data-plane Kafka Request Handler on Broker 2], shut down completely (kafka.server.KafkaRequestHandlerPool)
[2024-12-02 18:00:42,911] INFO [ExpirationReaper-2-AlterAcls]: Shutting down (kafka.server.DelayedOperationPurgatory$ExpiredOperationReaper)
[2024-12-02 18:00:42,911] INFO [ExpirationReaper-2-AlterAcls]: Stopped (kafka.server.DelayedOperationPurgatory$ExpiredOperationReaper)
[2024-12-02 18:00:42,911] INFO [ExpirationReaper-2-AlterAcls]: Shutdown completed (kafka.server.DelayedOperationPurgatory$ExpiredOperationReaper)
[2024-12-02 18:00:42,911] INFO [KafkaApi-2] Shutdown complete. (kafka.server.KafkaApis)
[2024-12-02 18:00:42,912] INFO [ExpirationReaper-2-topic]: Shutting down (kafka.server.DelayedOperationPurgatory$ExpiredOperationReaper)
[2024-12-02 18:00:42,912] INFO [ExpirationReaper-2-topic]: Stopped (kafka.server.DelayedOperationPurgatory$ExpiredOperationReaper)
[2024-12-02 18:00:42,912] INFO [ExpirationReaper-2-topic]: Shutdown completed (kafka.server.DelayedOperationPurgatory$ExpiredOperationReaper)
[2024-12-02 18:00:42,912] INFO [TransactionCoordinator id=2] Shutting down. (kafka.coordinator.transaction.TransactionCoordinator)
[2024-12-02 18:00:42,913] INFO [Transaction State Manager 2]: Shutdown complete (kafka.coordinator.transaction.TransactionStateManager)
[2024-12-02 18:00:42,913] INFO [TxnMarkerSenderThread-2]: Shutting down (kafka.coordinator.transaction.TransactionMarkerChannelManager)
[2024-12-02 18:00:42,913] INFO [TxnMarkerSenderThread-2]: Stopped (kafka.coordinator.transaction.TransactionMarkerChannelManager)
[2024-12-02 18:00:42,913] INFO [TxnMarkerSenderThread-2]: Shutdown completed (kafka.coordinator.transaction.TransactionMarkerChannelManager)
[2024-12-02 18:00:42,913] INFO [TransactionCoordinator id=2] Shutdown complete. (kafka.coordinator.transaction.TransactionCoordinator)
[2024-12-02 18:00:42,913] INFO [GroupCoordinator 2]: Shutting down. (kafka.coordinator.group.GroupCoordinator)
[2024-12-02 18:00:42,913] INFO [ExpirationReaper-2-Heartbeat]: Shutting down (kafka.server.DelayedOperationPurgatory$ExpiredOperationReaper)
[2024-12-02 18:00:42,913] INFO [ExpirationReaper-2-Heartbeat]: Stopped (kafka.server.DelayedOperationPurgatory$ExpiredOperationReaper)
[2024-12-02 18:00:42,913] INFO [ExpirationReaper-2-Heartbeat]: Shutdown completed (kafka.server.DelayedOperationPurgatory$ExpiredOperationReaper)
[2024-12-02 18:00:42,913] INFO [ExpirationReaper-2-Rebalance]: Shutting down (kafka.server.DelayedOperationPurgatory$ExpiredOperationReaper)
[2024-12-02 18:00:42,913] INFO [ExpirationReaper-2-Rebalance]: Stopped (kafka.server.DelayedOperationPurgatory$ExpiredOperationReaper)
[2024-12-02 18:00:42,913] INFO [ExpirationReaper-2-Rebalance]: Shutdown completed (kafka.server.DelayedOperationPurgatory$ExpiredOperationReaper)
[2024-12-02 18:00:42,914] INFO [GroupCoordinator 2]: Shutdown complete. (kafka.coordinator.group.GroupCoordinator)
[2024-12-02 18:00:42,914] INFO [ReplicaManager broker=2] Shutting down (kafka.server.ReplicaManager)
[2024-12-02 18:00:42,914] INFO [LogDirFailureHandler]: Shutting down (kafka.server.ReplicaManager$LogDirFailureHandler)
[2024-12-02 18:00:42,914] INFO [LogDirFailureHandler]: Stopped (kafka.server.ReplicaManager$LogDirFailureHandler)
[2024-12-02 18:00:42,914] INFO [LogDirFailureHandler]: Shutdown completed (kafka.server.ReplicaManager$LogDirFailureHandler)
[2024-12-02 18:00:42,914] INFO [ReplicaFetcherManager on broker 2] shutting down (kafka.server.ReplicaFetcherManager)
[2024-12-02 18:00:42,914] INFO [ReplicaFetcherManager on broker 2] shutdown completed (kafka.server.ReplicaFetcherManager)
[2024-12-02 18:00:42,915] INFO [ReplicaAlterLogDirsManager on broker 2] shutting down (kafka.server.ReplicaAlterLogDirsManager)
[2024-12-02 18:00:42,915] INFO [ReplicaAlterLogDirsManager on broker 2] shutdown completed (kafka.server.ReplicaAlterLogDirsManager)
[2024-12-02 18:00:42,915] INFO [ExpirationReaper-2-Fetch]: Shutting down (kafka.server.DelayedOperationPurgatory$ExpiredOperationReaper)
[2024-12-02 18:00:42,915] INFO [ExpirationReaper-2-Fetch]: Stopped (kafka.server.DelayedOperationPurgatory$ExpiredOperationReaper)
[2024-12-02 18:00:42,915] INFO [ExpirationReaper-2-Fetch]: Shutdown completed (kafka.server.DelayedOperationPurgatory$ExpiredOperationReaper)
[2024-12-02 18:00:42,915] INFO [ExpirationReaper-2-RemoteFetch]: Shutting down (kafka.server.DelayedOperationPurgatory$ExpiredOperationReaper)
[2024-12-02 18:00:42,915] INFO [ExpirationReaper-2-RemoteFetch]: Stopped (kafka.server.DelayedOperationPurgatory$ExpiredOperationReaper)
[2024-12-02 18:00:42,915] INFO [ExpirationReaper-2-RemoteFetch]: Shutdown completed (kafka.server.DelayedOperationPurgatory$ExpiredOperationReaper)
[2024-12-02 18:00:42,915] INFO [ExpirationReaper-2-Produce]: Shutting down (kafka.server.DelayedOperationPurgatory$ExpiredOperationReaper)
[2024-12-02 18:00:42,915] INFO [ExpirationReaper-2-Produce]: Stopped (kafka.server.DelayedOperationPurgatory$ExpiredOperationReaper)
[2024-12-02 18:00:42,915] INFO [ExpirationReaper-2-Produce]: Shutdown completed (kafka.server.DelayedOperationPurgatory$ExpiredOperationReaper)
[2024-12-02 18:00:42,915] INFO [ExpirationReaper-2-DeleteRecords]: Shutting down (kafka.server.DelayedOperationPurgatory$ExpiredOperationReaper)
[2024-12-02 18:00:42,915] INFO [ExpirationReaper-2-DeleteRecords]: Stopped (kafka.server.DelayedOperationPurgatory$ExpiredOperationReaper)
[2024-12-02 18:00:42,915] INFO [ExpirationReaper-2-DeleteRecords]: Shutdown completed (kafka.server.DelayedOperationPurgatory$ExpiredOperationReaper)
[2024-12-02 18:00:42,915] INFO [ExpirationReaper-2-ElectLeader]: Shutting down (kafka.server.DelayedOperationPurgatory$ExpiredOperationReaper)
[2024-12-02 18:00:42,916] INFO [ExpirationReaper-2-ElectLeader]: Stopped (kafka.server.DelayedOperationPurgatory$ExpiredOperationReaper)
[2024-12-02 18:00:42,916] INFO [ExpirationReaper-2-ElectLeader]: Shutdown completed (kafka.server.DelayedOperationPurgatory$ExpiredOperationReaper)
[2024-12-02 18:00:42,922] INFO [AddPartitionsToTxnSenderThread-2]: Shutting down (kafka.server.AddPartitionsToTxnManager)
[2024-12-02 18:00:42,922] INFO [AddPartitionsToTxnSenderThread-2]: Stopped (kafka.server.AddPartitionsToTxnManager)
[2024-12-02 18:00:42,922] INFO [AddPartitionsToTxnSenderThread-2]: Shutdown completed (kafka.server.AddPartitionsToTxnManager)
[2024-12-02 18:00:42,922] INFO [ReplicaManager broker=2] Shut down completely (kafka.server.ReplicaManager)
[2024-12-02 18:00:42,922] INFO [zk-broker-2-to-controller-alter-partition-channel-manager]: Shutting down (kafka.server.NodeToControllerRequestThread)
[2024-12-02 18:00:42,922] INFO [zk-broker-2-to-controller-alter-partition-channel-manager]: Stopped (kafka.server.NodeToControllerRequestThread)
[2024-12-02 18:00:42,922] INFO [zk-broker-2-to-controller-alter-partition-channel-manager]: Shutdown completed (kafka.server.NodeToControllerRequestThread)
[2024-12-02 18:00:42,922] INFO Node to controller channel manager for alter-partition shutdown (kafka.server.NodeToControllerChannelManagerImpl)
[2024-12-02 18:00:42,923] INFO [zk-broker-2-to-controller-forwarding-channel-manager]: Shutting down (kafka.server.NodeToControllerRequestThread)
[2024-12-02 18:00:42,923] INFO [zk-broker-2-to-controller-forwarding-channel-manager]: Stopped (kafka.server.NodeToControllerRequestThread)
[2024-12-02 18:00:42,923] INFO [zk-broker-2-to-controller-forwarding-channel-manager]: Shutdown completed (kafka.server.NodeToControllerRequestThread)
[2024-12-02 18:00:42,923] INFO Node to controller channel manager for forwarding shutdown (kafka.server.NodeToControllerChannelManagerImpl)
[2024-12-02 18:00:42,923] INFO Shutting down. (kafka.log.LogManager)
[2024-12-02 18:00:42,924] INFO [kafka-log-cleaner-thread-0]: Shutting down (kafka.log.LogCleaner$CleanerThread)
[2024-12-02 18:00:42,924] INFO [kafka-log-cleaner-thread-0]: Stopped (kafka.log.LogCleaner$CleanerThread)
[2024-12-02 18:00:42,924] INFO [kafka-log-cleaner-thread-0]: Shutdown completed (kafka.log.LogCleaner$CleanerThread)
[2024-12-02 18:00:42,939] INFO [ProducerStateManager partition=months-5] Wrote producer snapshot at offset 9 with 1 producer ids in 5 ms. (org.apache.kafka.storage.internals.log.ProducerStateManager)
[2024-12-02 18:00:43,051] INFO Shutdown complete. (kafka.log.LogManager)
[2024-12-02 18:00:43,053] INFO [feature-zk-node-event-process-thread]: Shutting down (kafka.server.FinalizedFeatureChangeListener$ChangeNotificationProcessorThread)
[2024-12-02 18:00:43,053] INFO [feature-zk-node-event-process-thread]: Stopped (kafka.server.FinalizedFeatureChangeListener$ChangeNotificationProcessorThread)
[2024-12-02 18:00:43,053] INFO [feature-zk-node-event-process-thread]: Shutdown completed (kafka.server.FinalizedFeatureChangeListener$ChangeNotificationProcessorThread)
[2024-12-02 18:00:43,053] INFO [ZooKeeperClient Kafka server] Closing. (kafka.zookeeper.ZooKeeperClient)
[2024-12-02 18:00:43,164] INFO Session: 0x10000128c950002 closed (org.apache.zookeeper.ZooKeeper)
[2024-12-02 18:00:43,164] INFO EventThread shut down for session: 0x10000128c950002 (org.apache.zookeeper.ClientCnxn)
[2024-12-02 18:00:43,164] INFO [ZooKeeperClient Kafka server] Closed. (kafka.zookeeper.ZooKeeperClient)
[2024-12-02 18:00:43,164] INFO [ThrottledChannelReaper-Fetch]: Shutting down (kafka.server.ClientQuotaManager$ThrottledChannelReaper)
[2024-12-02 18:00:43,165] INFO [ThrottledChannelReaper-Fetch]: Stopped (kafka.server.ClientQuotaManager$ThrottledChannelReaper)
[2024-12-02 18:00:43,165] INFO [ThrottledChannelReaper-Fetch]: Shutdown completed (kafka.server.ClientQuotaManager$ThrottledChannelReaper)
[2024-12-02 18:00:43,165] INFO [ThrottledChannelReaper-Produce]: Shutting down (kafka.server.ClientQuotaManager$ThrottledChannelReaper)
[2024-12-02 18:00:43,165] INFO [ThrottledChannelReaper-Produce]: Stopped (kafka.server.ClientQuotaManager$ThrottledChannelReaper)
[2024-12-02 18:00:43,165] INFO [ThrottledChannelReaper-Produce]: Shutdown completed (kafka.server.ClientQuotaManager$ThrottledChannelReaper)
[2024-12-02 18:00:43,165] INFO [ThrottledChannelReaper-Request]: Shutting down (kafka.server.ClientQuotaManager$ThrottledChannelReaper)
[2024-12-02 18:00:43,166] INFO [ThrottledChannelReaper-Request]: Stopped (kafka.server.ClientQuotaManager$ThrottledChannelReaper)
[2024-12-02 18:00:43,166] INFO [ThrottledChannelReaper-Request]: Shutdown completed (kafka.server.ClientQuotaManager$ThrottledChannelReaper)
[2024-12-02 18:00:43,166] INFO [ThrottledChannelReaper-ControllerMutation]: Shutting down (kafka.server.ClientQuotaManager$ThrottledChannelReaper)
[2024-12-02 18:00:43,166] INFO [ThrottledChannelReaper-ControllerMutation]: Stopped (kafka.server.ClientQuotaManager$ThrottledChannelReaper)
[2024-12-02 18:00:43,166] INFO [ThrottledChannelReaper-ControllerMutation]: Shutdown completed (kafka.server.ClientQuotaManager$ThrottledChannelReaper)
[2024-12-02 18:00:43,166] INFO [SocketServer listenerType=ZK_BROKER, nodeId=2] Shutting down socket server (kafka.network.SocketServer)
[2024-12-02 18:00:43,176] INFO [SocketServer listenerType=ZK_BROKER, nodeId=2] Shutdown completed (kafka.network.SocketServer)
[2024-12-02 18:00:43,177] INFO Metrics scheduler closed (org.apache.kafka.common.metrics.Metrics)
[2024-12-02 18:00:43,177] INFO Closing reporter org.apache.kafka.common.metrics.JmxReporter (org.apache.kafka.common.metrics.Metrics)
[2024-12-02 18:00:43,177] INFO Metrics reporters closed (org.apache.kafka.common.metrics.Metrics)
[2024-12-02 18:00:43,177] INFO Broker and topic stats closed (kafka.server.BrokerTopicStats)
[2024-12-02 18:00:43,177] INFO App info kafka.server for 2 unregistered (org.apache.kafka.common.utils.AppInfoParser)
[2024-12-02 18:00:43,177] INFO [KafkaServer id=2] shut down completed (kafka.server.KafkaServer)
