[2024-12-02 17:25:42,509] INFO [Controller id=0 epoch=1] Sending UpdateMetadata request to brokers Set(0) for 0 partitions (state.change.logger)
[2024-12-02 17:25:50,300] INFO [Controller id=0 epoch=1] Sending UpdateMetadata request to brokers Set(0) for 0 partitions (state.change.logger)
[2024-12-02 17:25:50,300] INFO [Controller id=0 epoch=1] Sending UpdateMetadata request to brokers Set(1) for 0 partitions (state.change.logger)
[2024-12-02 17:25:57,712] INFO [Controller id=0 epoch=1] Sending UpdateMetadata request to brokers Set(0, 1) for 0 partitions (state.change.logger)
[2024-12-02 17:25:57,713] INFO [Controller id=0 epoch=1] Sending UpdateMetadata request to brokers Set(2) for 0 partitions (state.change.logger)
[2024-12-02 17:29:29,070] INFO [Controller id=0 epoch=1] Changed partition months-4 state from NonExistentPartition to NewPartition with assigned replicas 1,0,2 (state.change.logger)
[2024-12-02 17:29:29,070] INFO [Controller id=0 epoch=1] Changed partition months-0 state from NonExistentPartition to NewPartition with assigned replicas 2,0,1 (state.change.logger)
[2024-12-02 17:29:29,070] INFO [Controller id=0 epoch=1] Changed partition months-5 state from NonExistentPartition to NewPartition with assigned replicas 0,2,1 (state.change.logger)
[2024-12-02 17:29:29,070] INFO [Controller id=0 epoch=1] Changed partition months-1 state from NonExistentPartition to NewPartition with assigned replicas 1,2,0 (state.change.logger)
[2024-12-02 17:29:29,070] INFO [Controller id=0 epoch=1] Changed partition months-6 state from NonExistentPartition to NewPartition with assigned replicas 2,0,1 (state.change.logger)
[2024-12-02 17:29:29,070] INFO [Controller id=0 epoch=1] Changed partition months-2 state from NonExistentPartition to NewPartition with assigned replicas 0,1,2 (state.change.logger)
[2024-12-02 17:29:29,070] INFO [Controller id=0 epoch=1] Changed partition months-3 state from NonExistentPartition to NewPartition with assigned replicas 2,1,0 (state.change.logger)
[2024-12-02 17:29:29,070] INFO [Controller id=0 epoch=1] Sending UpdateMetadata request to brokers Set() for 0 partitions (state.change.logger)
[2024-12-02 17:29:29,071] INFO [Controller id=0 epoch=1] Sending UpdateMetadata request to brokers Set() for 0 partitions (state.change.logger)
[2024-12-02 17:29:29,098] INFO [Controller id=0 epoch=1] Changed partition months-4 from NewPartition to OnlinePartition with state LeaderAndIsr(leader=1, leaderEpoch=0, isrWithBrokerEpoch=List(BrokerState(brokerId=1, brokerEpoch=-1), BrokerState(brokerId=0, brokerEpoch=-1), BrokerState(brokerId=2, brokerEpoch=-1)), leaderRecoveryState=RECOVERED, partitionEpoch=0) (state.change.logger)
[2024-12-02 17:29:29,098] INFO [Controller id=0 epoch=1] Changed partition months-0 from NewPartition to OnlinePartition with state LeaderAndIsr(leader=2, leaderEpoch=0, isrWithBrokerEpoch=List(BrokerState(brokerId=2, brokerEpoch=-1), BrokerState(brokerId=0, brokerEpoch=-1), BrokerState(brokerId=1, brokerEpoch=-1)), leaderRecoveryState=RECOVERED, partitionEpoch=0) (state.change.logger)
[2024-12-02 17:29:29,098] INFO [Controller id=0 epoch=1] Changed partition months-5 from NewPartition to OnlinePartition with state LeaderAndIsr(leader=0, leaderEpoch=0, isrWithBrokerEpoch=List(BrokerState(brokerId=0, brokerEpoch=-1), BrokerState(brokerId=2, brokerEpoch=-1), BrokerState(brokerId=1, brokerEpoch=-1)), leaderRecoveryState=RECOVERED, partitionEpoch=0) (state.change.logger)
[2024-12-02 17:29:29,098] INFO [Controller id=0 epoch=1] Changed partition months-1 from NewPartition to OnlinePartition with state LeaderAndIsr(leader=1, leaderEpoch=0, isrWithBrokerEpoch=List(BrokerState(brokerId=1, brokerEpoch=-1), BrokerState(brokerId=2, brokerEpoch=-1), BrokerState(brokerId=0, brokerEpoch=-1)), leaderRecoveryState=RECOVERED, partitionEpoch=0) (state.change.logger)
[2024-12-02 17:29:29,098] INFO [Controller id=0 epoch=1] Changed partition months-6 from NewPartition to OnlinePartition with state LeaderAndIsr(leader=2, leaderEpoch=0, isrWithBrokerEpoch=List(BrokerState(brokerId=2, brokerEpoch=-1), BrokerState(brokerId=0, brokerEpoch=-1), BrokerState(brokerId=1, brokerEpoch=-1)), leaderRecoveryState=RECOVERED, partitionEpoch=0) (state.change.logger)
[2024-12-02 17:29:29,098] INFO [Controller id=0 epoch=1] Changed partition months-2 from NewPartition to OnlinePartition with state LeaderAndIsr(leader=0, leaderEpoch=0, isrWithBrokerEpoch=List(BrokerState(brokerId=0, brokerEpoch=-1), BrokerState(brokerId=1, brokerEpoch=-1), BrokerState(brokerId=2, brokerEpoch=-1)), leaderRecoveryState=RECOVERED, partitionEpoch=0) (state.change.logger)
[2024-12-02 17:29:29,098] INFO [Controller id=0 epoch=1] Changed partition months-3 from NewPartition to OnlinePartition with state LeaderAndIsr(leader=2, leaderEpoch=0, isrWithBrokerEpoch=List(BrokerState(brokerId=2, brokerEpoch=-1), BrokerState(brokerId=1, brokerEpoch=-1), BrokerState(brokerId=0, brokerEpoch=-1)), leaderRecoveryState=RECOVERED, partitionEpoch=0) (state.change.logger)
[2024-12-02 17:29:29,099] INFO [Controller id=0 epoch=1] Sending LeaderAndIsr request to broker 2 with 3 become-leader and 4 become-follower partitions (state.change.logger)
[2024-12-02 17:29:29,099] INFO [Controller id=0 epoch=1] Sending LeaderAndIsr request to broker 1 with 2 become-leader and 5 become-follower partitions (state.change.logger)
[2024-12-02 17:29:29,099] INFO [Controller id=0 epoch=1] Sending LeaderAndIsr request to broker 0 with 2 become-leader and 5 become-follower partitions (state.change.logger)
[2024-12-02 17:29:29,099] INFO [Controller id=0 epoch=1] Sending UpdateMetadata request to brokers Set(0, 1, 2) for 7 partitions (state.change.logger)
[2024-12-02 17:29:29,100] INFO [Controller id=0 epoch=1] Sending UpdateMetadata request to brokers Set() for 0 partitions (state.change.logger)
[2024-12-02 17:29:29,101] INFO [Broker id=0] Handling LeaderAndIsr request correlationId 3 from controller 0 for 7 partitions (state.change.logger)
[2024-12-02 17:29:29,102] INFO [Broker id=1] Handling LeaderAndIsr request correlationId 2 from controller 0 for 7 partitions (state.change.logger)
[2024-12-02 17:29:29,102] INFO [Broker id=2] Handling LeaderAndIsr request correlationId 1 from controller 0 for 7 partitions (state.change.logger)
[2024-12-02 17:29:29,108] INFO [Broker id=0] Stopped fetchers as part of LeaderAndIsr request correlationId 3 from controller 0 epoch 1 as part of the become-leader transition for 2 partitions (state.change.logger)
[2024-12-02 17:29:29,109] INFO [Broker id=1] Stopped fetchers as part of LeaderAndIsr request correlationId 2 from controller 0 epoch 1 as part of the become-leader transition for 2 partitions (state.change.logger)
[2024-12-02 17:29:29,109] INFO [Broker id=2] Stopped fetchers as part of LeaderAndIsr request correlationId 1 from controller 0 epoch 1 as part of the become-leader transition for 3 partitions (state.change.logger)
[2024-12-02 17:29:29,134] INFO [Broker id=0] Leader months-5 with topic id Some(vayWF8HmSSSV_drRpFs0VQ) starts at leader epoch 0 from offset 0 with partition epoch 0, high watermark 0, ISR [0,2,1], adding replicas [] and removing replicas [] . Previous leader None and previous leader epoch was -1. (state.change.logger)
[2024-12-02 17:29:29,138] INFO [Broker id=2] Leader months-6 with topic id Some(vayWF8HmSSSV_drRpFs0VQ) starts at leader epoch 0 from offset 0 with partition epoch 0, high watermark 0, ISR [2,0,1], adding replicas [] and removing replicas [] . Previous leader None and previous leader epoch was -1. (state.change.logger)
[2024-12-02 17:29:29,138] INFO [Broker id=1] Leader months-4 with topic id Some(vayWF8HmSSSV_drRpFs0VQ) starts at leader epoch 0 from offset 0 with partition epoch 0, high watermark 0, ISR [1,0,2], adding replicas [] and removing replicas [] . Previous leader None and previous leader epoch was -1. (state.change.logger)
[2024-12-02 17:29:29,153] INFO [Broker id=0] Leader months-2 with topic id Some(vayWF8HmSSSV_drRpFs0VQ) starts at leader epoch 0 from offset 0 with partition epoch 0, high watermark 0, ISR [0,1,2], adding replicas [] and removing replicas [] . Previous leader None and previous leader epoch was -1. (state.change.logger)
[2024-12-02 17:29:29,162] INFO [Broker id=1] Leader months-1 with topic id Some(vayWF8HmSSSV_drRpFs0VQ) starts at leader epoch 0 from offset 0 with partition epoch 0, high watermark 0, ISR [1,2,0], adding replicas [] and removing replicas [] . Previous leader None and previous leader epoch was -1. (state.change.logger)
[2024-12-02 17:29:29,166] INFO [Broker id=2] Leader months-3 with topic id Some(vayWF8HmSSSV_drRpFs0VQ) starts at leader epoch 0 from offset 0 with partition epoch 0, high watermark 0, ISR [2,1,0], adding replicas [] and removing replicas [] . Previous leader None and previous leader epoch was -1. (state.change.logger)
[2024-12-02 17:29:29,179] INFO [Broker id=0] Follower months-6 starts at leader epoch 0 from offset 0 with partition epoch 0 and high watermark 0. Current leader is 2. Previous leader Some(2) and previous leader epoch was 0. (state.change.logger)
[2024-12-02 17:29:29,183] INFO [Broker id=1] Follower months-6 starts at leader epoch 0 from offset 0 with partition epoch 0 and high watermark 0. Current leader is 2. Previous leader Some(2) and previous leader epoch was 0. (state.change.logger)
[2024-12-02 17:29:29,187] INFO [Broker id=2] Leader months-0 with topic id Some(vayWF8HmSSSV_drRpFs0VQ) starts at leader epoch 0 from offset 0 with partition epoch 0, high watermark 0, ISR [2,0,1], adding replicas [] and removing replicas [] . Previous leader None and previous leader epoch was -1. (state.change.logger)
[2024-12-02 17:29:29,193] INFO [Broker id=0] Follower months-3 starts at leader epoch 0 from offset 0 with partition epoch 0 and high watermark 0. Current leader is 2. Previous leader Some(2) and previous leader epoch was 0. (state.change.logger)
[2024-12-02 17:29:29,196] INFO [Broker id=1] Follower months-3 starts at leader epoch 0 from offset 0 with partition epoch 0 and high watermark 0. Current leader is 2. Previous leader Some(2) and previous leader epoch was 0. (state.change.logger)
[2024-12-02 17:29:29,205] INFO [Broker id=0] Follower months-0 starts at leader epoch 0 from offset 0 with partition epoch 0 and high watermark 0. Current leader is 2. Previous leader Some(2) and previous leader epoch was 0. (state.change.logger)
[2024-12-02 17:29:29,205] INFO [Broker id=1] Follower months-0 starts at leader epoch 0 from offset 0 with partition epoch 0 and high watermark 0. Current leader is 2. Previous leader Some(2) and previous leader epoch was 0. (state.change.logger)
[2024-12-02 17:29:29,210] INFO [Broker id=2] Follower months-4 starts at leader epoch 0 from offset 0 with partition epoch 0 and high watermark 0. Current leader is 1. Previous leader Some(1) and previous leader epoch was 0. (state.change.logger)
[2024-12-02 17:29:29,218] INFO [Broker id=1] Follower months-5 starts at leader epoch 0 from offset 0 with partition epoch 0 and high watermark 0. Current leader is 0. Previous leader Some(0) and previous leader epoch was 0. (state.change.logger)
[2024-12-02 17:29:29,218] INFO [Broker id=0] Follower months-4 starts at leader epoch 0 from offset 0 with partition epoch 0 and high watermark 0. Current leader is 1. Previous leader Some(1) and previous leader epoch was 0. (state.change.logger)
[2024-12-02 17:29:29,226] INFO [Broker id=2] Follower months-1 starts at leader epoch 0 from offset 0 with partition epoch 0 and high watermark 0. Current leader is 1. Previous leader Some(1) and previous leader epoch was 0. (state.change.logger)
[2024-12-02 17:29:29,227] INFO [Broker id=1] Follower months-2 starts at leader epoch 0 from offset 0 with partition epoch 0 and high watermark 0. Current leader is 0. Previous leader Some(0) and previous leader epoch was 0. (state.change.logger)
[2024-12-02 17:29:29,231] INFO [Broker id=0] Follower months-1 starts at leader epoch 0 from offset 0 with partition epoch 0 and high watermark 0. Current leader is 1. Previous leader Some(1) and previous leader epoch was 0. (state.change.logger)
[2024-12-02 17:29:29,234] INFO [Broker id=1] Stopped fetchers as part of become-follower request from controller 0 epoch 1 with correlation id 2 for 5 partitions (state.change.logger)
[2024-12-02 17:29:29,234] INFO [Broker id=0] Stopped fetchers as part of become-follower request from controller 0 epoch 1 with correlation id 3 for 5 partitions (state.change.logger)
[2024-12-02 17:29:29,237] INFO [Broker id=2] Follower months-5 starts at leader epoch 0 from offset 0 with partition epoch 0 and high watermark 0. Current leader is 0. Previous leader Some(0) and previous leader epoch was 0. (state.change.logger)
[2024-12-02 17:29:29,242] INFO [Broker id=2] Follower months-2 starts at leader epoch 0 from offset 0 with partition epoch 0 and high watermark 0. Current leader is 0. Previous leader Some(0) and previous leader epoch was 0. (state.change.logger)
[2024-12-02 17:29:29,243] INFO [Broker id=2] Stopped fetchers as part of become-follower request from controller 0 epoch 1 with correlation id 1 for 4 partitions (state.change.logger)
[2024-12-02 17:29:29,247] INFO [Broker id=0] Finished LeaderAndIsr request in 147ms correlationId 3 from controller 0 for 7 partitions (state.change.logger)
[2024-12-02 17:29:29,253] INFO [Broker id=1] Finished LeaderAndIsr request in 152ms correlationId 2 from controller 0 for 7 partitions (state.change.logger)
[2024-12-02 17:29:29,254] INFO [Broker id=0] Add 7 partitions and deleted 0 partitions from metadata cache in response to UpdateMetadata request sent by controller 0 epoch 1 with correlation id 4 (state.change.logger)
[2024-12-02 17:29:29,259] INFO [Broker id=1] Add 7 partitions and deleted 0 partitions from metadata cache in response to UpdateMetadata request sent by controller 0 epoch 1 with correlation id 3 (state.change.logger)
[2024-12-02 17:29:29,259] INFO [Broker id=2] Finished LeaderAndIsr request in 158ms correlationId 1 from controller 0 for 7 partitions (state.change.logger)
[2024-12-02 17:29:29,265] INFO [Broker id=2] Add 7 partitions and deleted 0 partitions from metadata cache in response to UpdateMetadata request sent by controller 0 epoch 1 with correlation id 2 (state.change.logger)
[2024-12-02 17:37:29,199] INFO [Controller id=0 epoch=1] Changed partition __consumer_offsets-22 state from NonExistentPartition to NewPartition with assigned replicas 0 (state.change.logger)
[2024-12-02 17:37:29,199] INFO [Controller id=0 epoch=1] Changed partition __consumer_offsets-30 state from NonExistentPartition to NewPartition with assigned replicas 1 (state.change.logger)
[2024-12-02 17:37:29,199] INFO [Controller id=0 epoch=1] Changed partition __consumer_offsets-8 state from NonExistentPartition to NewPartition with assigned replicas 2 (state.change.logger)
[2024-12-02 17:37:29,199] INFO [Controller id=0 epoch=1] Changed partition __consumer_offsets-21 state from NonExistentPartition to NewPartition with assigned replicas 1 (state.change.logger)
[2024-12-02 17:37:29,199] INFO [Controller id=0 epoch=1] Changed partition __consumer_offsets-4 state from NonExistentPartition to NewPartition with assigned replicas 0 (state.change.logger)
[2024-12-02 17:37:29,199] INFO [Controller id=0 epoch=1] Changed partition __consumer_offsets-27 state from NonExistentPartition to NewPartition with assigned replicas 1 (state.change.logger)
[2024-12-02 17:37:29,199] INFO [Controller id=0 epoch=1] Changed partition __consumer_offsets-7 state from NonExistentPartition to NewPartition with assigned replicas 0 (state.change.logger)
[2024-12-02 17:37:29,199] INFO [Controller id=0 epoch=1] Changed partition __consumer_offsets-9 state from NonExistentPartition to NewPartition with assigned replicas 1 (state.change.logger)
[2024-12-02 17:37:29,199] INFO [Controller id=0 epoch=1] Changed partition __consumer_offsets-46 state from NonExistentPartition to NewPartition with assigned replicas 0 (state.change.logger)
[2024-12-02 17:37:29,199] INFO [Controller id=0 epoch=1] Changed partition __consumer_offsets-25 state from NonExistentPartition to NewPartition with assigned replicas 0 (state.change.logger)
[2024-12-02 17:37:29,199] INFO [Controller id=0 epoch=1] Changed partition __consumer_offsets-35 state from NonExistentPartition to NewPartition with assigned replicas 2 (state.change.logger)
[2024-12-02 17:37:29,199] INFO [Controller id=0 epoch=1] Changed partition __consumer_offsets-41 state from NonExistentPartition to NewPartition with assigned replicas 2 (state.change.logger)
[2024-12-02 17:37:29,199] INFO [Controller id=0 epoch=1] Changed partition __consumer_offsets-33 state from NonExistentPartition to NewPartition with assigned replicas 1 (state.change.logger)
[2024-12-02 17:37:29,199] INFO [Controller id=0 epoch=1] Changed partition __consumer_offsets-23 state from NonExistentPartition to NewPartition with assigned replicas 2 (state.change.logger)
[2024-12-02 17:37:29,199] INFO [Controller id=0 epoch=1] Changed partition __consumer_offsets-49 state from NonExistentPartition to NewPartition with assigned replicas 0 (state.change.logger)
[2024-12-02 17:37:29,199] INFO [Controller id=0 epoch=1] Changed partition __consumer_offsets-47 state from NonExistentPartition to NewPartition with assigned replicas 2 (state.change.logger)
[2024-12-02 17:37:29,199] INFO [Controller id=0 epoch=1] Changed partition __consumer_offsets-16 state from NonExistentPartition to NewPartition with assigned replicas 0 (state.change.logger)
[2024-12-02 17:37:29,199] INFO [Controller id=0 epoch=1] Changed partition __consumer_offsets-28 state from NonExistentPartition to NewPartition with assigned replicas 0 (state.change.logger)
[2024-12-02 17:37:29,199] INFO [Controller id=0 epoch=1] Changed partition __consumer_offsets-31 state from NonExistentPartition to NewPartition with assigned replicas 0 (state.change.logger)
[2024-12-02 17:37:29,199] INFO [Controller id=0 epoch=1] Changed partition __consumer_offsets-36 state from NonExistentPartition to NewPartition with assigned replicas 1 (state.change.logger)
[2024-12-02 17:37:29,199] INFO [Controller id=0 epoch=1] Changed partition __consumer_offsets-42 state from NonExistentPartition to NewPartition with assigned replicas 1 (state.change.logger)
[2024-12-02 17:37:29,199] INFO [Controller id=0 epoch=1] Changed partition __consumer_offsets-3 state from NonExistentPartition to NewPartition with assigned replicas 1 (state.change.logger)
[2024-12-02 17:37:29,199] INFO [Controller id=0 epoch=1] Changed partition __consumer_offsets-18 state from NonExistentPartition to NewPartition with assigned replicas 1 (state.change.logger)
[2024-12-02 17:37:29,199] INFO [Controller id=0 epoch=1] Changed partition __consumer_offsets-37 state from NonExistentPartition to NewPartition with assigned replicas 0 (state.change.logger)
[2024-12-02 17:37:29,199] INFO [Controller id=0 epoch=1] Changed partition __consumer_offsets-15 state from NonExistentPartition to NewPartition with assigned replicas 1 (state.change.logger)
[2024-12-02 17:37:29,199] INFO [Controller id=0 epoch=1] Changed partition __consumer_offsets-24 state from NonExistentPartition to NewPartition with assigned replicas 1 (state.change.logger)
[2024-12-02 17:37:29,199] INFO [Controller id=0 epoch=1] Changed partition __consumer_offsets-38 state from NonExistentPartition to NewPartition with assigned replicas 2 (state.change.logger)
[2024-12-02 17:37:29,199] INFO [Controller id=0 epoch=1] Changed partition __consumer_offsets-17 state from NonExistentPartition to NewPartition with assigned replicas 2 (state.change.logger)
[2024-12-02 17:37:29,199] INFO [Controller id=0 epoch=1] Changed partition __consumer_offsets-48 state from NonExistentPartition to NewPartition with assigned replicas 1 (state.change.logger)
[2024-12-02 17:37:29,199] INFO [Controller id=0 epoch=1] Changed partition __consumer_offsets-19 state from NonExistentPartition to NewPartition with assigned replicas 0 (state.change.logger)
[2024-12-02 17:37:29,199] INFO [Controller id=0 epoch=1] Changed partition __consumer_offsets-11 state from NonExistentPartition to NewPartition with assigned replicas 2 (state.change.logger)
[2024-12-02 17:37:29,199] INFO [Controller id=0 epoch=1] Changed partition __consumer_offsets-13 state from NonExistentPartition to NewPartition with assigned replicas 0 (state.change.logger)
[2024-12-02 17:37:29,199] INFO [Controller id=0 epoch=1] Changed partition __consumer_offsets-2 state from NonExistentPartition to NewPartition with assigned replicas 2 (state.change.logger)
[2024-12-02 17:37:29,199] INFO [Controller id=0 epoch=1] Changed partition __consumer_offsets-43 state from NonExistentPartition to NewPartition with assigned replicas 0 (state.change.logger)
[2024-12-02 17:37:29,199] INFO [Controller id=0 epoch=1] Changed partition __consumer_offsets-6 state from NonExistentPartition to NewPartition with assigned replicas 1 (state.change.logger)
[2024-12-02 17:37:29,199] INFO [Controller id=0 epoch=1] Changed partition __consumer_offsets-14 state from NonExistentPartition to NewPartition with assigned replicas 2 (state.change.logger)
[2024-12-02 17:37:29,199] INFO [Controller id=0 epoch=1] Changed partition __consumer_offsets-20 state from NonExistentPartition to NewPartition with assigned replicas 2 (state.change.logger)
[2024-12-02 17:37:29,199] INFO [Controller id=0 epoch=1] Changed partition __consumer_offsets-0 state from NonExistentPartition to NewPartition with assigned replicas 1 (state.change.logger)
[2024-12-02 17:37:29,199] INFO [Controller id=0 epoch=1] Changed partition __consumer_offsets-44 state from NonExistentPartition to NewPartition with assigned replicas 2 (state.change.logger)
[2024-12-02 17:37:29,199] INFO [Controller id=0 epoch=1] Changed partition __consumer_offsets-39 state from NonExistentPartition to NewPartition with assigned replicas 1 (state.change.logger)
[2024-12-02 17:37:29,199] INFO [Controller id=0 epoch=1] Changed partition __consumer_offsets-12 state from NonExistentPartition to NewPartition with assigned replicas 1 (state.change.logger)
[2024-12-02 17:37:29,199] INFO [Controller id=0 epoch=1] Changed partition __consumer_offsets-45 state from NonExistentPartition to NewPartition with assigned replicas 1 (state.change.logger)
[2024-12-02 17:37:29,199] INFO [Controller id=0 epoch=1] Changed partition __consumer_offsets-1 state from NonExistentPartition to NewPartition with assigned replicas 0 (state.change.logger)
[2024-12-02 17:37:29,199] INFO [Controller id=0 epoch=1] Changed partition __consumer_offsets-5 state from NonExistentPartition to NewPartition with assigned replicas 2 (state.change.logger)
[2024-12-02 17:37:29,199] INFO [Controller id=0 epoch=1] Changed partition __consumer_offsets-26 state from NonExistentPartition to NewPartition with assigned replicas 2 (state.change.logger)
[2024-12-02 17:37:29,199] INFO [Controller id=0 epoch=1] Changed partition __consumer_offsets-29 state from NonExistentPartition to NewPartition with assigned replicas 2 (state.change.logger)
[2024-12-02 17:37:29,199] INFO [Controller id=0 epoch=1] Changed partition __consumer_offsets-34 state from NonExistentPartition to NewPartition with assigned replicas 0 (state.change.logger)
[2024-12-02 17:37:29,199] INFO [Controller id=0 epoch=1] Changed partition __consumer_offsets-10 state from NonExistentPartition to NewPartition with assigned replicas 0 (state.change.logger)
[2024-12-02 17:37:29,199] INFO [Controller id=0 epoch=1] Changed partition __consumer_offsets-32 state from NonExistentPartition to NewPartition with assigned replicas 2 (state.change.logger)
[2024-12-02 17:37:29,199] INFO [Controller id=0 epoch=1] Changed partition __consumer_offsets-40 state from NonExistentPartition to NewPartition with assigned replicas 0 (state.change.logger)
[2024-12-02 17:37:29,199] INFO [Controller id=0 epoch=1] Sending UpdateMetadata request to brokers Set() for 0 partitions (state.change.logger)
[2024-12-02 17:37:29,200] INFO [Controller id=0 epoch=1] Sending UpdateMetadata request to brokers Set() for 0 partitions (state.change.logger)
[2024-12-02 17:37:29,297] INFO [Controller id=0 epoch=1] Changed partition __consumer_offsets-22 from NewPartition to OnlinePartition with state LeaderAndIsr(leader=0, leaderEpoch=0, isrWithBrokerEpoch=List(BrokerState(brokerId=0, brokerEpoch=-1)), leaderRecoveryState=RECOVERED, partitionEpoch=0) (state.change.logger)
[2024-12-02 17:37:29,297] INFO [Controller id=0 epoch=1] Changed partition __consumer_offsets-30 from NewPartition to OnlinePartition with state LeaderAndIsr(leader=1, leaderEpoch=0, isrWithBrokerEpoch=List(BrokerState(brokerId=1, brokerEpoch=-1)), leaderRecoveryState=RECOVERED, partitionEpoch=0) (state.change.logger)
[2024-12-02 17:37:29,297] INFO [Controller id=0 epoch=1] Changed partition __consumer_offsets-8 from NewPartition to OnlinePartition with state LeaderAndIsr(leader=2, leaderEpoch=0, isrWithBrokerEpoch=List(BrokerState(brokerId=2, brokerEpoch=-1)), leaderRecoveryState=RECOVERED, partitionEpoch=0) (state.change.logger)
[2024-12-02 17:37:29,297] INFO [Controller id=0 epoch=1] Changed partition __consumer_offsets-21 from NewPartition to OnlinePartition with state LeaderAndIsr(leader=1, leaderEpoch=0, isrWithBrokerEpoch=List(BrokerState(brokerId=1, brokerEpoch=-1)), leaderRecoveryState=RECOVERED, partitionEpoch=0) (state.change.logger)
[2024-12-02 17:37:29,297] INFO [Controller id=0 epoch=1] Changed partition __consumer_offsets-4 from NewPartition to OnlinePartition with state LeaderAndIsr(leader=0, leaderEpoch=0, isrWithBrokerEpoch=List(BrokerState(brokerId=0, brokerEpoch=-1)), leaderRecoveryState=RECOVERED, partitionEpoch=0) (state.change.logger)
[2024-12-02 17:37:29,297] INFO [Controller id=0 epoch=1] Changed partition __consumer_offsets-27 from NewPartition to OnlinePartition with state LeaderAndIsr(leader=1, leaderEpoch=0, isrWithBrokerEpoch=List(BrokerState(brokerId=1, brokerEpoch=-1)), leaderRecoveryState=RECOVERED, partitionEpoch=0) (state.change.logger)
[2024-12-02 17:37:29,297] INFO [Controller id=0 epoch=1] Changed partition __consumer_offsets-7 from NewPartition to OnlinePartition with state LeaderAndIsr(leader=0, leaderEpoch=0, isrWithBrokerEpoch=List(BrokerState(brokerId=0, brokerEpoch=-1)), leaderRecoveryState=RECOVERED, partitionEpoch=0) (state.change.logger)
[2024-12-02 17:37:29,297] INFO [Controller id=0 epoch=1] Changed partition __consumer_offsets-9 from NewPartition to OnlinePartition with state LeaderAndIsr(leader=1, leaderEpoch=0, isrWithBrokerEpoch=List(BrokerState(brokerId=1, brokerEpoch=-1)), leaderRecoveryState=RECOVERED, partitionEpoch=0) (state.change.logger)
[2024-12-02 17:37:29,297] INFO [Controller id=0 epoch=1] Changed partition __consumer_offsets-46 from NewPartition to OnlinePartition with state LeaderAndIsr(leader=0, leaderEpoch=0, isrWithBrokerEpoch=List(BrokerState(brokerId=0, brokerEpoch=-1)), leaderRecoveryState=RECOVERED, partitionEpoch=0) (state.change.logger)
[2024-12-02 17:37:29,297] INFO [Controller id=0 epoch=1] Changed partition __consumer_offsets-25 from NewPartition to OnlinePartition with state LeaderAndIsr(leader=0, leaderEpoch=0, isrWithBrokerEpoch=List(BrokerState(brokerId=0, brokerEpoch=-1)), leaderRecoveryState=RECOVERED, partitionEpoch=0) (state.change.logger)
[2024-12-02 17:37:29,297] INFO [Controller id=0 epoch=1] Changed partition __consumer_offsets-35 from NewPartition to OnlinePartition with state LeaderAndIsr(leader=2, leaderEpoch=0, isrWithBrokerEpoch=List(BrokerState(brokerId=2, brokerEpoch=-1)), leaderRecoveryState=RECOVERED, partitionEpoch=0) (state.change.logger)
[2024-12-02 17:37:29,297] INFO [Controller id=0 epoch=1] Changed partition __consumer_offsets-41 from NewPartition to OnlinePartition with state LeaderAndIsr(leader=2, leaderEpoch=0, isrWithBrokerEpoch=List(BrokerState(brokerId=2, brokerEpoch=-1)), leaderRecoveryState=RECOVERED, partitionEpoch=0) (state.change.logger)
[2024-12-02 17:37:29,297] INFO [Controller id=0 epoch=1] Changed partition __consumer_offsets-33 from NewPartition to OnlinePartition with state LeaderAndIsr(leader=1, leaderEpoch=0, isrWithBrokerEpoch=List(BrokerState(brokerId=1, brokerEpoch=-1)), leaderRecoveryState=RECOVERED, partitionEpoch=0) (state.change.logger)
[2024-12-02 17:37:29,297] INFO [Controller id=0 epoch=1] Changed partition __consumer_offsets-23 from NewPartition to OnlinePartition with state LeaderAndIsr(leader=2, leaderEpoch=0, isrWithBrokerEpoch=List(BrokerState(brokerId=2, brokerEpoch=-1)), leaderRecoveryState=RECOVERED, partitionEpoch=0) (state.change.logger)
[2024-12-02 17:37:29,297] INFO [Controller id=0 epoch=1] Changed partition __consumer_offsets-49 from NewPartition to OnlinePartition with state LeaderAndIsr(leader=0, leaderEpoch=0, isrWithBrokerEpoch=List(BrokerState(brokerId=0, brokerEpoch=-1)), leaderRecoveryState=RECOVERED, partitionEpoch=0) (state.change.logger)
[2024-12-02 17:37:29,297] INFO [Controller id=0 epoch=1] Changed partition __consumer_offsets-47 from NewPartition to OnlinePartition with state LeaderAndIsr(leader=2, leaderEpoch=0, isrWithBrokerEpoch=List(BrokerState(brokerId=2, brokerEpoch=-1)), leaderRecoveryState=RECOVERED, partitionEpoch=0) (state.change.logger)
[2024-12-02 17:37:29,297] INFO [Controller id=0 epoch=1] Changed partition __consumer_offsets-16 from NewPartition to OnlinePartition with state LeaderAndIsr(leader=0, leaderEpoch=0, isrWithBrokerEpoch=List(BrokerState(brokerId=0, brokerEpoch=-1)), leaderRecoveryState=RECOVERED, partitionEpoch=0) (state.change.logger)
[2024-12-02 17:37:29,297] INFO [Controller id=0 epoch=1] Changed partition __consumer_offsets-28 from NewPartition to OnlinePartition with state LeaderAndIsr(leader=0, leaderEpoch=0, isrWithBrokerEpoch=List(BrokerState(brokerId=0, brokerEpoch=-1)), leaderRecoveryState=RECOVERED, partitionEpoch=0) (state.change.logger)
[2024-12-02 17:37:29,297] INFO [Controller id=0 epoch=1] Changed partition __consumer_offsets-31 from NewPartition to OnlinePartition with state LeaderAndIsr(leader=0, leaderEpoch=0, isrWithBrokerEpoch=List(BrokerState(brokerId=0, brokerEpoch=-1)), leaderRecoveryState=RECOVERED, partitionEpoch=0) (state.change.logger)
[2024-12-02 17:37:29,297] INFO [Controller id=0 epoch=1] Changed partition __consumer_offsets-36 from NewPartition to OnlinePartition with state LeaderAndIsr(leader=1, leaderEpoch=0, isrWithBrokerEpoch=List(BrokerState(brokerId=1, brokerEpoch=-1)), leaderRecoveryState=RECOVERED, partitionEpoch=0) (state.change.logger)
[2024-12-02 17:37:29,297] INFO [Controller id=0 epoch=1] Changed partition __consumer_offsets-42 from NewPartition to OnlinePartition with state LeaderAndIsr(leader=1, leaderEpoch=0, isrWithBrokerEpoch=List(BrokerState(brokerId=1, brokerEpoch=-1)), leaderRecoveryState=RECOVERED, partitionEpoch=0) (state.change.logger)
[2024-12-02 17:37:29,297] INFO [Controller id=0 epoch=1] Changed partition __consumer_offsets-3 from NewPartition to OnlinePartition with state LeaderAndIsr(leader=1, leaderEpoch=0, isrWithBrokerEpoch=List(BrokerState(brokerId=1, brokerEpoch=-1)), leaderRecoveryState=RECOVERED, partitionEpoch=0) (state.change.logger)
[2024-12-02 17:37:29,297] INFO [Controller id=0 epoch=1] Changed partition __consumer_offsets-18 from NewPartition to OnlinePartition with state LeaderAndIsr(leader=1, leaderEpoch=0, isrWithBrokerEpoch=List(BrokerState(brokerId=1, brokerEpoch=-1)), leaderRecoveryState=RECOVERED, partitionEpoch=0) (state.change.logger)
[2024-12-02 17:37:29,297] INFO [Controller id=0 epoch=1] Changed partition __consumer_offsets-37 from NewPartition to OnlinePartition with state LeaderAndIsr(leader=0, leaderEpoch=0, isrWithBrokerEpoch=List(BrokerState(brokerId=0, brokerEpoch=-1)), leaderRecoveryState=RECOVERED, partitionEpoch=0) (state.change.logger)
[2024-12-02 17:37:29,297] INFO [Controller id=0 epoch=1] Changed partition __consumer_offsets-15 from NewPartition to OnlinePartition with state LeaderAndIsr(leader=1, leaderEpoch=0, isrWithBrokerEpoch=List(BrokerState(brokerId=1, brokerEpoch=-1)), leaderRecoveryState=RECOVERED, partitionEpoch=0) (state.change.logger)
[2024-12-02 17:37:29,297] INFO [Controller id=0 epoch=1] Changed partition __consumer_offsets-24 from NewPartition to OnlinePartition with state LeaderAndIsr(leader=1, leaderEpoch=0, isrWithBrokerEpoch=List(BrokerState(brokerId=1, brokerEpoch=-1)), leaderRecoveryState=RECOVERED, partitionEpoch=0) (state.change.logger)
[2024-12-02 17:37:29,297] INFO [Controller id=0 epoch=1] Changed partition __consumer_offsets-38 from NewPartition to OnlinePartition with state LeaderAndIsr(leader=2, leaderEpoch=0, isrWithBrokerEpoch=List(BrokerState(brokerId=2, brokerEpoch=-1)), leaderRecoveryState=RECOVERED, partitionEpoch=0) (state.change.logger)
[2024-12-02 17:37:29,297] INFO [Controller id=0 epoch=1] Changed partition __consumer_offsets-17 from NewPartition to OnlinePartition with state LeaderAndIsr(leader=2, leaderEpoch=0, isrWithBrokerEpoch=List(BrokerState(brokerId=2, brokerEpoch=-1)), leaderRecoveryState=RECOVERED, partitionEpoch=0) (state.change.logger)
[2024-12-02 17:37:29,297] INFO [Controller id=0 epoch=1] Changed partition __consumer_offsets-48 from NewPartition to OnlinePartition with state LeaderAndIsr(leader=1, leaderEpoch=0, isrWithBrokerEpoch=List(BrokerState(brokerId=1, brokerEpoch=-1)), leaderRecoveryState=RECOVERED, partitionEpoch=0) (state.change.logger)
[2024-12-02 17:37:29,297] INFO [Controller id=0 epoch=1] Changed partition __consumer_offsets-19 from NewPartition to OnlinePartition with state LeaderAndIsr(leader=0, leaderEpoch=0, isrWithBrokerEpoch=List(BrokerState(brokerId=0, brokerEpoch=-1)), leaderRecoveryState=RECOVERED, partitionEpoch=0) (state.change.logger)
[2024-12-02 17:37:29,297] INFO [Controller id=0 epoch=1] Changed partition __consumer_offsets-11 from NewPartition to OnlinePartition with state LeaderAndIsr(leader=2, leaderEpoch=0, isrWithBrokerEpoch=List(BrokerState(brokerId=2, brokerEpoch=-1)), leaderRecoveryState=RECOVERED, partitionEpoch=0) (state.change.logger)
[2024-12-02 17:37:29,297] INFO [Controller id=0 epoch=1] Changed partition __consumer_offsets-13 from NewPartition to OnlinePartition with state LeaderAndIsr(leader=0, leaderEpoch=0, isrWithBrokerEpoch=List(BrokerState(brokerId=0, brokerEpoch=-1)), leaderRecoveryState=RECOVERED, partitionEpoch=0) (state.change.logger)
[2024-12-02 17:37:29,297] INFO [Controller id=0 epoch=1] Changed partition __consumer_offsets-2 from NewPartition to OnlinePartition with state LeaderAndIsr(leader=2, leaderEpoch=0, isrWithBrokerEpoch=List(BrokerState(brokerId=2, brokerEpoch=-1)), leaderRecoveryState=RECOVERED, partitionEpoch=0) (state.change.logger)
[2024-12-02 17:37:29,297] INFO [Controller id=0 epoch=1] Changed partition __consumer_offsets-43 from NewPartition to OnlinePartition with state LeaderAndIsr(leader=0, leaderEpoch=0, isrWithBrokerEpoch=List(BrokerState(brokerId=0, brokerEpoch=-1)), leaderRecoveryState=RECOVERED, partitionEpoch=0) (state.change.logger)
[2024-12-02 17:37:29,297] INFO [Controller id=0 epoch=1] Changed partition __consumer_offsets-6 from NewPartition to OnlinePartition with state LeaderAndIsr(leader=1, leaderEpoch=0, isrWithBrokerEpoch=List(BrokerState(brokerId=1, brokerEpoch=-1)), leaderRecoveryState=RECOVERED, partitionEpoch=0) (state.change.logger)
[2024-12-02 17:37:29,297] INFO [Controller id=0 epoch=1] Changed partition __consumer_offsets-14 from NewPartition to OnlinePartition with state LeaderAndIsr(leader=2, leaderEpoch=0, isrWithBrokerEpoch=List(BrokerState(brokerId=2, brokerEpoch=-1)), leaderRecoveryState=RECOVERED, partitionEpoch=0) (state.change.logger)
[2024-12-02 17:37:29,297] INFO [Controller id=0 epoch=1] Changed partition __consumer_offsets-20 from NewPartition to OnlinePartition with state LeaderAndIsr(leader=2, leaderEpoch=0, isrWithBrokerEpoch=List(BrokerState(brokerId=2, brokerEpoch=-1)), leaderRecoveryState=RECOVERED, partitionEpoch=0) (state.change.logger)
[2024-12-02 17:37:29,297] INFO [Controller id=0 epoch=1] Changed partition __consumer_offsets-0 from NewPartition to OnlinePartition with state LeaderAndIsr(leader=1, leaderEpoch=0, isrWithBrokerEpoch=List(BrokerState(brokerId=1, brokerEpoch=-1)), leaderRecoveryState=RECOVERED, partitionEpoch=0) (state.change.logger)
[2024-12-02 17:37:29,297] INFO [Controller id=0 epoch=1] Changed partition __consumer_offsets-44 from NewPartition to OnlinePartition with state LeaderAndIsr(leader=2, leaderEpoch=0, isrWithBrokerEpoch=List(BrokerState(brokerId=2, brokerEpoch=-1)), leaderRecoveryState=RECOVERED, partitionEpoch=0) (state.change.logger)
[2024-12-02 17:37:29,297] INFO [Controller id=0 epoch=1] Changed partition __consumer_offsets-39 from NewPartition to OnlinePartition with state LeaderAndIsr(leader=1, leaderEpoch=0, isrWithBrokerEpoch=List(BrokerState(brokerId=1, brokerEpoch=-1)), leaderRecoveryState=RECOVERED, partitionEpoch=0) (state.change.logger)
[2024-12-02 17:37:29,298] INFO [Controller id=0 epoch=1] Changed partition __consumer_offsets-12 from NewPartition to OnlinePartition with state LeaderAndIsr(leader=1, leaderEpoch=0, isrWithBrokerEpoch=List(BrokerState(brokerId=1, brokerEpoch=-1)), leaderRecoveryState=RECOVERED, partitionEpoch=0) (state.change.logger)
[2024-12-02 17:37:29,298] INFO [Controller id=0 epoch=1] Changed partition __consumer_offsets-45 from NewPartition to OnlinePartition with state LeaderAndIsr(leader=1, leaderEpoch=0, isrWithBrokerEpoch=List(BrokerState(brokerId=1, brokerEpoch=-1)), leaderRecoveryState=RECOVERED, partitionEpoch=0) (state.change.logger)
[2024-12-02 17:37:29,298] INFO [Controller id=0 epoch=1] Changed partition __consumer_offsets-1 from NewPartition to OnlinePartition with state LeaderAndIsr(leader=0, leaderEpoch=0, isrWithBrokerEpoch=List(BrokerState(brokerId=0, brokerEpoch=-1)), leaderRecoveryState=RECOVERED, partitionEpoch=0) (state.change.logger)
[2024-12-02 17:37:29,298] INFO [Controller id=0 epoch=1] Changed partition __consumer_offsets-5 from NewPartition to OnlinePartition with state LeaderAndIsr(leader=2, leaderEpoch=0, isrWithBrokerEpoch=List(BrokerState(brokerId=2, brokerEpoch=-1)), leaderRecoveryState=RECOVERED, partitionEpoch=0) (state.change.logger)
[2024-12-02 17:37:29,298] INFO [Controller id=0 epoch=1] Changed partition __consumer_offsets-26 from NewPartition to OnlinePartition with state LeaderAndIsr(leader=2, leaderEpoch=0, isrWithBrokerEpoch=List(BrokerState(brokerId=2, brokerEpoch=-1)), leaderRecoveryState=RECOVERED, partitionEpoch=0) (state.change.logger)
[2024-12-02 17:37:29,298] INFO [Controller id=0 epoch=1] Changed partition __consumer_offsets-29 from NewPartition to OnlinePartition with state LeaderAndIsr(leader=2, leaderEpoch=0, isrWithBrokerEpoch=List(BrokerState(brokerId=2, brokerEpoch=-1)), leaderRecoveryState=RECOVERED, partitionEpoch=0) (state.change.logger)
[2024-12-02 17:37:29,298] INFO [Controller id=0 epoch=1] Changed partition __consumer_offsets-34 from NewPartition to OnlinePartition with state LeaderAndIsr(leader=0, leaderEpoch=0, isrWithBrokerEpoch=List(BrokerState(brokerId=0, brokerEpoch=-1)), leaderRecoveryState=RECOVERED, partitionEpoch=0) (state.change.logger)
[2024-12-02 17:37:29,298] INFO [Controller id=0 epoch=1] Changed partition __consumer_offsets-10 from NewPartition to OnlinePartition with state LeaderAndIsr(leader=0, leaderEpoch=0, isrWithBrokerEpoch=List(BrokerState(brokerId=0, brokerEpoch=-1)), leaderRecoveryState=RECOVERED, partitionEpoch=0) (state.change.logger)
[2024-12-02 17:37:29,298] INFO [Controller id=0 epoch=1] Changed partition __consumer_offsets-32 from NewPartition to OnlinePartition with state LeaderAndIsr(leader=2, leaderEpoch=0, isrWithBrokerEpoch=List(BrokerState(brokerId=2, brokerEpoch=-1)), leaderRecoveryState=RECOVERED, partitionEpoch=0) (state.change.logger)
[2024-12-02 17:37:29,298] INFO [Controller id=0 epoch=1] Changed partition __consumer_offsets-40 from NewPartition to OnlinePartition with state LeaderAndIsr(leader=0, leaderEpoch=0, isrWithBrokerEpoch=List(BrokerState(brokerId=0, brokerEpoch=-1)), leaderRecoveryState=RECOVERED, partitionEpoch=0) (state.change.logger)
[2024-12-02 17:37:29,298] INFO [Controller id=0 epoch=1] Sending LeaderAndIsr request to broker 2 with 16 become-leader and 0 become-follower partitions (state.change.logger)
[2024-12-02 17:37:29,298] INFO [Controller id=0 epoch=1] Sending LeaderAndIsr request to broker 1 with 17 become-leader and 0 become-follower partitions (state.change.logger)
[2024-12-02 17:37:29,298] INFO [Controller id=0 epoch=1] Sending LeaderAndIsr request to broker 0 with 17 become-leader and 0 become-follower partitions (state.change.logger)
[2024-12-02 17:37:29,298] INFO [Controller id=0 epoch=1] Sending UpdateMetadata request to brokers Set(0, 1, 2) for 50 partitions (state.change.logger)
[2024-12-02 17:37:29,298] INFO [Broker id=2] Handling LeaderAndIsr request correlationId 3 from controller 0 for 16 partitions (state.change.logger)
[2024-12-02 17:37:29,298] INFO [Broker id=0] Handling LeaderAndIsr request correlationId 5 from controller 0 for 17 partitions (state.change.logger)
[2024-12-02 17:37:29,298] INFO [Broker id=1] Handling LeaderAndIsr request correlationId 4 from controller 0 for 17 partitions (state.change.logger)
[2024-12-02 17:37:29,298] INFO [Controller id=0 epoch=1] Sending UpdateMetadata request to brokers Set() for 0 partitions (state.change.logger)
[2024-12-02 17:37:29,300] INFO [Broker id=0] Stopped fetchers as part of LeaderAndIsr request correlationId 5 from controller 0 epoch 1 as part of the become-leader transition for 17 partitions (state.change.logger)
[2024-12-02 17:37:29,300] INFO [Broker id=2] Stopped fetchers as part of LeaderAndIsr request correlationId 3 from controller 0 epoch 1 as part of the become-leader transition for 16 partitions (state.change.logger)
[2024-12-02 17:37:29,300] INFO [Broker id=1] Stopped fetchers as part of LeaderAndIsr request correlationId 4 from controller 0 epoch 1 as part of the become-leader transition for 17 partitions (state.change.logger)
[2024-12-02 17:37:29,306] INFO [Broker id=0] Leader __consumer_offsets-10 with topic id Some(C30ZBv6NR4uBD1gt83iEuw) starts at leader epoch 0 from offset 0 with partition epoch 0, high watermark 0, ISR [0], adding replicas [] and removing replicas [] . Previous leader None and previous leader epoch was -1. (state.change.logger)
[2024-12-02 17:37:29,311] INFO [Broker id=2] Leader __consumer_offsets-29 with topic id Some(C30ZBv6NR4uBD1gt83iEuw) starts at leader epoch 0 from offset 0 with partition epoch 0, high watermark 0, ISR [2], adding replicas [] and removing replicas [] . Previous leader None and previous leader epoch was -1. (state.change.logger)
[2024-12-02 17:37:29,314] INFO [Broker id=1] Leader __consumer_offsets-0 with topic id Some(C30ZBv6NR4uBD1gt83iEuw) starts at leader epoch 0 from offset 0 with partition epoch 0, high watermark 0, ISR [1], adding replicas [] and removing replicas [] . Previous leader None and previous leader epoch was -1. (state.change.logger)
[2024-12-02 17:37:29,329] INFO [Broker id=0] Leader __consumer_offsets-7 with topic id Some(C30ZBv6NR4uBD1gt83iEuw) starts at leader epoch 0 from offset 0 with partition epoch 0, high watermark 0, ISR [0], adding replicas [] and removing replicas [] . Previous leader None and previous leader epoch was -1. (state.change.logger)
[2024-12-02 17:37:29,334] INFO [Broker id=2] Leader __consumer_offsets-26 with topic id Some(C30ZBv6NR4uBD1gt83iEuw) starts at leader epoch 0 from offset 0 with partition epoch 0, high watermark 0, ISR [2], adding replicas [] and removing replicas [] . Previous leader None and previous leader epoch was -1. (state.change.logger)
[2024-12-02 17:37:29,341] INFO [Broker id=1] Leader __consumer_offsets-48 with topic id Some(C30ZBv6NR4uBD1gt83iEuw) starts at leader epoch 0 from offset 0 with partition epoch 0, high watermark 0, ISR [1], adding replicas [] and removing replicas [] . Previous leader None and previous leader epoch was -1. (state.change.logger)
[2024-12-02 17:37:29,352] INFO [Broker id=0] Leader __consumer_offsets-4 with topic id Some(C30ZBv6NR4uBD1gt83iEuw) starts at leader epoch 0 from offset 0 with partition epoch 0, high watermark 0, ISR [0], adding replicas [] and removing replicas [] . Previous leader None and previous leader epoch was -1. (state.change.logger)
[2024-12-02 17:37:29,359] INFO [Broker id=2] Leader __consumer_offsets-23 with topic id Some(C30ZBv6NR4uBD1gt83iEuw) starts at leader epoch 0 from offset 0 with partition epoch 0, high watermark 0, ISR [2], adding replicas [] and removing replicas [] . Previous leader None and previous leader epoch was -1. (state.change.logger)
[2024-12-02 17:37:29,366] INFO [Broker id=1] Leader __consumer_offsets-45 with topic id Some(C30ZBv6NR4uBD1gt83iEuw) starts at leader epoch 0 from offset 0 with partition epoch 0, high watermark 0, ISR [1], adding replicas [] and removing replicas [] . Previous leader None and previous leader epoch was -1. (state.change.logger)
[2024-12-02 17:37:29,370] INFO [Broker id=0] Leader __consumer_offsets-1 with topic id Some(C30ZBv6NR4uBD1gt83iEuw) starts at leader epoch 0 from offset 0 with partition epoch 0, high watermark 0, ISR [0], adding replicas [] and removing replicas [] . Previous leader None and previous leader epoch was -1. (state.change.logger)
[2024-12-02 17:37:29,378] INFO [Broker id=2] Leader __consumer_offsets-20 with topic id Some(C30ZBv6NR4uBD1gt83iEuw) starts at leader epoch 0 from offset 0 with partition epoch 0, high watermark 0, ISR [2], adding replicas [] and removing replicas [] . Previous leader None and previous leader epoch was -1. (state.change.logger)
[2024-12-02 17:37:29,390] INFO [Broker id=1] Leader __consumer_offsets-42 with topic id Some(C30ZBv6NR4uBD1gt83iEuw) starts at leader epoch 0 from offset 0 with partition epoch 0, high watermark 0, ISR [1], adding replicas [] and removing replicas [] . Previous leader None and previous leader epoch was -1. (state.change.logger)
[2024-12-02 17:37:29,393] INFO [Broker id=0] Leader __consumer_offsets-49 with topic id Some(C30ZBv6NR4uBD1gt83iEuw) starts at leader epoch 0 from offset 0 with partition epoch 0, high watermark 0, ISR [0], adding replicas [] and removing replicas [] . Previous leader None and previous leader epoch was -1. (state.change.logger)
[2024-12-02 17:37:29,405] INFO [Broker id=2] Leader __consumer_offsets-17 with topic id Some(C30ZBv6NR4uBD1gt83iEuw) starts at leader epoch 0 from offset 0 with partition epoch 0, high watermark 0, ISR [2], adding replicas [] and removing replicas [] . Previous leader None and previous leader epoch was -1. (state.change.logger)
[2024-12-02 17:37:29,409] INFO [Broker id=1] Leader __consumer_offsets-39 with topic id Some(C30ZBv6NR4uBD1gt83iEuw) starts at leader epoch 0 from offset 0 with partition epoch 0, high watermark 0, ISR [1], adding replicas [] and removing replicas [] . Previous leader None and previous leader epoch was -1. (state.change.logger)
[2024-12-02 17:37:29,420] INFO [Broker id=0] Leader __consumer_offsets-46 with topic id Some(C30ZBv6NR4uBD1gt83iEuw) starts at leader epoch 0 from offset 0 with partition epoch 0, high watermark 0, ISR [0], adding replicas [] and removing replicas [] . Previous leader None and previous leader epoch was -1. (state.change.logger)
[2024-12-02 17:37:29,423] INFO [Broker id=2] Leader __consumer_offsets-14 with topic id Some(C30ZBv6NR4uBD1gt83iEuw) starts at leader epoch 0 from offset 0 with partition epoch 0, high watermark 0, ISR [2], adding replicas [] and removing replicas [] . Previous leader None and previous leader epoch was -1. (state.change.logger)
[2024-12-02 17:37:29,435] INFO [Broker id=1] Leader __consumer_offsets-36 with topic id Some(C30ZBv6NR4uBD1gt83iEuw) starts at leader epoch 0 from offset 0 with partition epoch 0, high watermark 0, ISR [1], adding replicas [] and removing replicas [] . Previous leader None and previous leader epoch was -1. (state.change.logger)
[2024-12-02 17:37:29,442] INFO [Broker id=0] Leader __consumer_offsets-43 with topic id Some(C30ZBv6NR4uBD1gt83iEuw) starts at leader epoch 0 from offset 0 with partition epoch 0, high watermark 0, ISR [0], adding replicas [] and removing replicas [] . Previous leader None and previous leader epoch was -1. (state.change.logger)
[2024-12-02 17:37:29,449] INFO [Broker id=2] Leader __consumer_offsets-11 with topic id Some(C30ZBv6NR4uBD1gt83iEuw) starts at leader epoch 0 from offset 0 with partition epoch 0, high watermark 0, ISR [2], adding replicas [] and removing replicas [] . Previous leader None and previous leader epoch was -1. (state.change.logger)
[2024-12-02 17:37:29,457] INFO [Broker id=1] Leader __consumer_offsets-33 with topic id Some(C30ZBv6NR4uBD1gt83iEuw) starts at leader epoch 0 from offset 0 with partition epoch 0, high watermark 0, ISR [1], adding replicas [] and removing replicas [] . Previous leader None and previous leader epoch was -1. (state.change.logger)
[2024-12-02 17:37:29,461] INFO [Broker id=0] Leader __consumer_offsets-40 with topic id Some(C30ZBv6NR4uBD1gt83iEuw) starts at leader epoch 0 from offset 0 with partition epoch 0, high watermark 0, ISR [0], adding replicas [] and removing replicas [] . Previous leader None and previous leader epoch was -1. (state.change.logger)
[2024-12-02 17:37:29,470] INFO [Broker id=2] Leader __consumer_offsets-8 with topic id Some(C30ZBv6NR4uBD1gt83iEuw) starts at leader epoch 0 from offset 0 with partition epoch 0, high watermark 0, ISR [2], adding replicas [] and removing replicas [] . Previous leader None and previous leader epoch was -1. (state.change.logger)
[2024-12-02 17:37:29,474] INFO [Broker id=1] Leader __consumer_offsets-30 with topic id Some(C30ZBv6NR4uBD1gt83iEuw) starts at leader epoch 0 from offset 0 with partition epoch 0, high watermark 0, ISR [1], adding replicas [] and removing replicas [] . Previous leader None and previous leader epoch was -1. (state.change.logger)
[2024-12-02 17:37:29,485] INFO [Broker id=0] Leader __consumer_offsets-37 with topic id Some(C30ZBv6NR4uBD1gt83iEuw) starts at leader epoch 0 from offset 0 with partition epoch 0, high watermark 0, ISR [0], adding replicas [] and removing replicas [] . Previous leader None and previous leader epoch was -1. (state.change.logger)
[2024-12-02 17:37:29,489] INFO [Broker id=2] Leader __consumer_offsets-5 with topic id Some(C30ZBv6NR4uBD1gt83iEuw) starts at leader epoch 0 from offset 0 with partition epoch 0, high watermark 0, ISR [2], adding replicas [] and removing replicas [] . Previous leader None and previous leader epoch was -1. (state.change.logger)
[2024-12-02 17:37:29,501] INFO [Broker id=1] Leader __consumer_offsets-27 with topic id Some(C30ZBv6NR4uBD1gt83iEuw) starts at leader epoch 0 from offset 0 with partition epoch 0, high watermark 0, ISR [1], adding replicas [] and removing replicas [] . Previous leader None and previous leader epoch was -1. (state.change.logger)
[2024-12-02 17:37:29,505] INFO [Broker id=0] Leader __consumer_offsets-34 with topic id Some(C30ZBv6NR4uBD1gt83iEuw) starts at leader epoch 0 from offset 0 with partition epoch 0, high watermark 0, ISR [0], adding replicas [] and removing replicas [] . Previous leader None and previous leader epoch was -1. (state.change.logger)
[2024-12-02 17:37:29,516] INFO [Broker id=2] Leader __consumer_offsets-2 with topic id Some(C30ZBv6NR4uBD1gt83iEuw) starts at leader epoch 0 from offset 0 with partition epoch 0, high watermark 0, ISR [2], adding replicas [] and removing replicas [] . Previous leader None and previous leader epoch was -1. (state.change.logger)
[2024-12-02 17:37:29,516] INFO [Broker id=1] Leader __consumer_offsets-24 with topic id Some(C30ZBv6NR4uBD1gt83iEuw) starts at leader epoch 0 from offset 0 with partition epoch 0, high watermark 0, ISR [1], adding replicas [] and removing replicas [] . Previous leader None and previous leader epoch was -1. (state.change.logger)
[2024-12-02 17:37:29,531] INFO [Broker id=0] Leader __consumer_offsets-31 with topic id Some(C30ZBv6NR4uBD1gt83iEuw) starts at leader epoch 0 from offset 0 with partition epoch 0, high watermark 0, ISR [0], adding replicas [] and removing replicas [] . Previous leader None and previous leader epoch was -1. (state.change.logger)
[2024-12-02 17:37:29,538] INFO [Broker id=2] Leader __consumer_offsets-47 with topic id Some(C30ZBv6NR4uBD1gt83iEuw) starts at leader epoch 0 from offset 0 with partition epoch 0, high watermark 0, ISR [2], adding replicas [] and removing replicas [] . Previous leader None and previous leader epoch was -1. (state.change.logger)
[2024-12-02 17:37:29,545] INFO [Broker id=1] Leader __consumer_offsets-21 with topic id Some(C30ZBv6NR4uBD1gt83iEuw) starts at leader epoch 0 from offset 0 with partition epoch 0, high watermark 0, ISR [1], adding replicas [] and removing replicas [] . Previous leader None and previous leader epoch was -1. (state.change.logger)
[2024-12-02 17:37:29,549] INFO [Broker id=0] Leader __consumer_offsets-19 with topic id Some(C30ZBv6NR4uBD1gt83iEuw) starts at leader epoch 0 from offset 0 with partition epoch 0, high watermark 0, ISR [0], adding replicas [] and removing replicas [] . Previous leader None and previous leader epoch was -1. (state.change.logger)
[2024-12-02 17:37:29,556] INFO [Broker id=2] Leader __consumer_offsets-38 with topic id Some(C30ZBv6NR4uBD1gt83iEuw) starts at leader epoch 0 from offset 0 with partition epoch 0, high watermark 0, ISR [2], adding replicas [] and removing replicas [] . Previous leader None and previous leader epoch was -1. (state.change.logger)
[2024-12-02 17:37:29,566] INFO [Broker id=1] Leader __consumer_offsets-18 with topic id Some(C30ZBv6NR4uBD1gt83iEuw) starts at leader epoch 0 from offset 0 with partition epoch 0, high watermark 0, ISR [1], adding replicas [] and removing replicas [] . Previous leader None and previous leader epoch was -1. (state.change.logger)
[2024-12-02 17:37:29,570] INFO [Broker id=0] Leader __consumer_offsets-28 with topic id Some(C30ZBv6NR4uBD1gt83iEuw) starts at leader epoch 0 from offset 0 with partition epoch 0, high watermark 0, ISR [0], adding replicas [] and removing replicas [] . Previous leader None and previous leader epoch was -1. (state.change.logger)
[2024-12-02 17:37:29,581] INFO [Broker id=2] Leader __consumer_offsets-35 with topic id Some(C30ZBv6NR4uBD1gt83iEuw) starts at leader epoch 0 from offset 0 with partition epoch 0, high watermark 0, ISR [2], adding replicas [] and removing replicas [] . Previous leader None and previous leader epoch was -1. (state.change.logger)
[2024-12-02 17:37:29,586] INFO [Broker id=1] Leader __consumer_offsets-15 with topic id Some(C30ZBv6NR4uBD1gt83iEuw) starts at leader epoch 0 from offset 0 with partition epoch 0, high watermark 0, ISR [1], adding replicas [] and removing replicas [] . Previous leader None and previous leader epoch was -1. (state.change.logger)
[2024-12-02 17:37:29,596] INFO [Broker id=0] Leader __consumer_offsets-25 with topic id Some(C30ZBv6NR4uBD1gt83iEuw) starts at leader epoch 0 from offset 0 with partition epoch 0, high watermark 0, ISR [0], adding replicas [] and removing replicas [] . Previous leader None and previous leader epoch was -1. (state.change.logger)
[2024-12-02 17:37:29,601] INFO [Broker id=2] Leader __consumer_offsets-44 with topic id Some(C30ZBv6NR4uBD1gt83iEuw) starts at leader epoch 0 from offset 0 with partition epoch 0, high watermark 0, ISR [2], adding replicas [] and removing replicas [] . Previous leader None and previous leader epoch was -1. (state.change.logger)
[2024-12-02 17:37:29,609] INFO [Broker id=1] Leader __consumer_offsets-12 with topic id Some(C30ZBv6NR4uBD1gt83iEuw) starts at leader epoch 0 from offset 0 with partition epoch 0, high watermark 0, ISR [1], adding replicas [] and removing replicas [] . Previous leader None and previous leader epoch was -1. (state.change.logger)
[2024-12-02 17:37:29,619] INFO [Broker id=0] Leader __consumer_offsets-16 with topic id Some(C30ZBv6NR4uBD1gt83iEuw) starts at leader epoch 0 from offset 0 with partition epoch 0, high watermark 0, ISR [0], adding replicas [] and removing replicas [] . Previous leader None and previous leader epoch was -1. (state.change.logger)
[2024-12-02 17:37:29,624] INFO [Broker id=2] Leader __consumer_offsets-41 with topic id Some(C30ZBv6NR4uBD1gt83iEuw) starts at leader epoch 0 from offset 0 with partition epoch 0, high watermark 0, ISR [2], adding replicas [] and removing replicas [] . Previous leader None and previous leader epoch was -1. (state.change.logger)
[2024-12-02 17:37:29,635] INFO [Broker id=1] Leader __consumer_offsets-9 with topic id Some(C30ZBv6NR4uBD1gt83iEuw) starts at leader epoch 0 from offset 0 with partition epoch 0, high watermark 0, ISR [1], adding replicas [] and removing replicas [] . Previous leader None and previous leader epoch was -1. (state.change.logger)
[2024-12-02 17:37:29,642] INFO [Broker id=0] Leader __consumer_offsets-22 with topic id Some(C30ZBv6NR4uBD1gt83iEuw) starts at leader epoch 0 from offset 0 with partition epoch 0, high watermark 0, ISR [0], adding replicas [] and removing replicas [] . Previous leader None and previous leader epoch was -1. (state.change.logger)
[2024-12-02 17:37:29,647] INFO [Broker id=2] Leader __consumer_offsets-32 with topic id Some(C30ZBv6NR4uBD1gt83iEuw) starts at leader epoch 0 from offset 0 with partition epoch 0, high watermark 0, ISR [2], adding replicas [] and removing replicas [] . Previous leader None and previous leader epoch was -1. (state.change.logger)
[2024-12-02 17:37:29,658] INFO [Broker id=1] Leader __consumer_offsets-6 with topic id Some(C30ZBv6NR4uBD1gt83iEuw) starts at leader epoch 0 from offset 0 with partition epoch 0, high watermark 0, ISR [1], adding replicas [] and removing replicas [] . Previous leader None and previous leader epoch was -1. (state.change.logger)
[2024-12-02 17:37:29,666] INFO [Broker id=0] Leader __consumer_offsets-13 with topic id Some(C30ZBv6NR4uBD1gt83iEuw) starts at leader epoch 0 from offset 0 with partition epoch 0, high watermark 0, ISR [0], adding replicas [] and removing replicas [] . Previous leader None and previous leader epoch was -1. (state.change.logger)
[2024-12-02 17:37:29,673] INFO [Broker id=2] Finished LeaderAndIsr request in 375ms correlationId 3 from controller 0 for 16 partitions (state.change.logger)
[2024-12-02 17:37:29,673] INFO [Broker id=1] Leader __consumer_offsets-3 with topic id Some(C30ZBv6NR4uBD1gt83iEuw) starts at leader epoch 0 from offset 0 with partition epoch 0, high watermark 0, ISR [1], adding replicas [] and removing replicas [] . Previous leader None and previous leader epoch was -1. (state.change.logger)
[2024-12-02 17:37:29,674] INFO [Broker id=2] Add 50 partitions and deleted 0 partitions from metadata cache in response to UpdateMetadata request sent by controller 0 epoch 1 with correlation id 4 (state.change.logger)
[2024-12-02 17:37:29,681] INFO [Broker id=0] Finished LeaderAndIsr request in 383ms correlationId 5 from controller 0 for 17 partitions (state.change.logger)
[2024-12-02 17:37:29,682] INFO [Broker id=0] Add 50 partitions and deleted 0 partitions from metadata cache in response to UpdateMetadata request sent by controller 0 epoch 1 with correlation id 6 (state.change.logger)
[2024-12-02 17:37:29,683] INFO [Broker id=1] Finished LeaderAndIsr request in 385ms correlationId 4 from controller 0 for 17 partitions (state.change.logger)
[2024-12-02 17:37:29,684] INFO [Broker id=1] Add 50 partitions and deleted 0 partitions from metadata cache in response to UpdateMetadata request sent by controller 0 epoch 1 with correlation id 5 (state.change.logger)
